#
# There is insufficient memory for the Java Runtime Environment to continue.
# Native memory allocation (malloc) failed to allocate 2134576 bytes for Chunk::new
# Possible reasons:
#   The system is out of physical RAM or swap space
#   The process is running with CompressedOops enabled, and the Java Heap may be blocking the growth of the native heap
# Possible solutions:
#   Reduce memory load on the system
#   Increase physical memory or swap space
#   Check if swap backing store is full
#   Decrease Java heap size (-Xmx/-Xms)
#   Decrease number of Java threads
#   Decrease Java thread stack sizes (-Xss)
#   Set larger code cache with -XX:ReservedCodeCacheSize=
#   JVM is running with Zero Based Compressed Oops mode in which the Java heap is
#     placed in the first 32GB address space. The Java Heap base address is the
#     maximum limit for the native heap growth. Please use -XX:HeapBaseMinAddress
#     to set the Java Heap base and to place the Java Heap above 32GB virtual address.
# This output file may be truncated or incomplete.
#
#  Out of Memory Error (t:/workspace/open/src/hotspot/share/memory/arena.cpp:197), pid=19252, tid=29384
#
# JRE version: Java(TM) SE Runtime Environment (11.0.6+8) (build 11.0.6+8-LTS)
# Java VM: Java HotSpot(TM) 64-Bit Server VM (11.0.6+8-LTS, mixed mode, tiered, compressed oops, g1 gc, windows-amd64)
# No core dump will be written. Minidumps are not enabled by default on client versions of Windows
#

---------------  S U M M A R Y ------------

Command Line: C:\Users\ahmed\AppData\Local\Temp\surefire14441826590196395440\surefirebooter13854455773264990463.jar C:\Users\ahmed\AppData\Local\Temp\surefire14441826590196395440 2020-10-11T12-41-47_332-jvmRun1 surefire7751259300346151227tmp surefire_04569792847965663544tmp

Host: Intel(R) Core(TM) i7-8750H CPU @ 2.20GHz, 12 cores, 15G,  Windows 10 , 64 bit Build 18362 (10.0.18362.1082)
Time: Sun Oct 11 12:41:52 2020 Arabian Standard Time elapsed time: 5 seconds (0d 0h 0m 5s)

---------------  T H R E A D  ---------------

Current thread (0x000002005c54b000):  JavaThread "C2 CompilerThread1" daemon [_thread_in_native, id=29384, stack(0x000000e3d8500000,0x000000e3d8600000)]


Current CompileTask:
C2:   5278 4528       4       org.springframework.core.annotation.TypeMappedAnnotations::get (52 bytes)

Stack: [0x000000e3d8500000,0x000000e3d8600000]
Native frames: (J=compiled Java code, j=interpreted, Vv=VM code, C=native code)
V  [jvm.dll+0x63679a]
V  [jvm.dll+0x7755bf]
V  [jvm.dll+0x776c65]
V  [jvm.dll+0x7772d3]
V  [jvm.dll+0x25e7f8]
V  [jvm.dll+0xc1c01]
V  [jvm.dll+0xc219c]
V  [jvm.dll+0x36d977]
V  [jvm.dll+0x33a7b3]
V  [jvm.dll+0x339b8a]
V  [jvm.dll+0x218355]
V  [jvm.dll+0x2174fa]
V  [jvm.dll+0x193a2c]
V  [jvm.dll+0x226544]
V  [jvm.dll+0x224b28]
V  [jvm.dll+0x73a9c5]
V  [jvm.dll+0x733905]
V  [jvm.dll+0x635846]
C  [ucrtbase.dll+0x20e82]
C  [KERNEL32.DLL+0x17bd4]
C  [ntdll.dll+0x6ce51]


---------------  P R O C E S S  ---------------

Threads class SMR info:
_java_thread_list=0x000002005cd962c0, length=26, elements={
0x000002002fdfa800, 0x0000020056301000, 0x0000020056302000, 0x0000020056393800,
0x0000020056395800, 0x0000020056396800, 0x000002005639a000, 0x000002005633d800,
0x0000020056518000, 0x000002005651b800, 0x000002005660c800, 0x000002005652d000,
0x000002005af07000, 0x0000020056a83000, 0x000002005b18e800, 0x00000200594fd800,
0x0000020057f0c800, 0x0000020059114000, 0x0000020057d98000, 0x000002005b0d0000,
0x000002005ae44000, 0x000002005ae43000, 0x000002005ae41800, 0x000002005ae42800,
0x000002005c54b000, 0x0000020057fba800
}

Java Threads: ( => current thread )
  0x000002002fdfa800 JavaThread "main" [_thread_in_native, id=26424, stack(0x000000e3d5e00000,0x000000e3d5f00000)]
  0x0000020056301000 JavaThread "Reference Handler" daemon [_thread_blocked, id=7264, stack(0x000000e3d6500000,0x000000e3d6600000)]
  0x0000020056302000 JavaThread "Finalizer" daemon [_thread_blocked, id=29200, stack(0x000000e3d6600000,0x000000e3d6700000)]
  0x0000020056393800 JavaThread "Signal Dispatcher" daemon [_thread_blocked, id=13348, stack(0x000000e3d6700000,0x000000e3d6800000)]
  0x0000020056395800 JavaThread "Attach Listener" daemon [_thread_blocked, id=3284, stack(0x000000e3d6800000,0x000000e3d6900000)]
  0x0000020056396800 JavaThread "C2 CompilerThread0" daemon [_thread_in_native, id=4612, stack(0x000000e3d6900000,0x000000e3d6a00000)]
  0x000002005639a000 JavaThread "C1 CompilerThread0" daemon [_thread_in_vm, id=27168, stack(0x000000e3d6a00000,0x000000e3d6b00000)]
  0x000002005633d800 JavaThread "Sweeper thread" daemon [_thread_blocked, id=16488, stack(0x000000e3d6b00000,0x000000e3d6c00000)]
  0x0000020056518000 JavaThread "Service Thread" daemon [_thread_blocked, id=19924, stack(0x000000e3d6c00000,0x000000e3d6d00000)]
  0x000002005651b800 JavaThread "Common-Cleaner" daemon [_thread_blocked, id=21240, stack(0x000000e3d6e00000,0x000000e3d6f00000)]
  0x000002005660c800 JavaThread "surefire-forkedjvm-command-thread" daemon [_thread_in_native, id=25652, stack(0x000000e3d6f00000,0x000000e3d7000000)]
  0x000002005652d000 JavaThread "surefire-forkedjvm-ping-30s" daemon [_thread_in_native, id=21128, stack(0x000000e3d7000000,0x000000e3d7100000)]
  0x000002005af07000 JavaThread "reactor-http-nio-1" daemon [_thread_in_native, id=20572, stack(0x000000e3d7100000,0x000000e3d7200000)]
  0x0000020056a83000 JavaThread "reactor-http-nio-2" daemon [_thread_in_native, id=29160, stack(0x000000e3d7900000,0x000000e3d7a00000)]
  0x000002005b18e800 JavaThread "reactor-http-nio-3" daemon [_thread_in_native, id=18484, stack(0x000000e3d7a00000,0x000000e3d7b00000)]
  0x00000200594fd800 JavaThread "reactor-http-nio-4" daemon [_thread_in_native, id=16184, stack(0x000000e3d7b00000,0x000000e3d7c00000)]
  0x0000020057f0c800 JavaThread "reactor-http-nio-5" daemon [_thread_in_native, id=15812, stack(0x000000e3d7c00000,0x000000e3d7d00000)]
  0x0000020059114000 JavaThread "reactor-http-nio-6" daemon [_thread_in_native, id=22524, stack(0x000000e3d7d00000,0x000000e3d7e00000)]
  0x0000020057d98000 JavaThread "reactor-http-nio-7" daemon [_thread_in_native, id=29684, stack(0x000000e3d7e00000,0x000000e3d7f00000)]
  0x000002005b0d0000 JavaThread "reactor-http-nio-8" daemon [_thread_in_native, id=8564, stack(0x000000e3d7f00000,0x000000e3d8000000)]
  0x000002005ae44000 JavaThread "reactor-http-nio-9" daemon [_thread_in_native, id=28844, stack(0x000000e3d8000000,0x000000e3d8100000)]
  0x000002005ae43000 JavaThread "reactor-http-nio-10" daemon [_thread_in_native, id=22408, stack(0x000000e3d8100000,0x000000e3d8200000)]
  0x000002005ae41800 JavaThread "reactor-http-nio-11" daemon [_thread_in_native, id=3920, stack(0x000000e3d8200000,0x000000e3d8300000)]
  0x000002005ae42800 JavaThread "reactor-http-nio-12" daemon [_thread_in_native, id=2308, stack(0x000000e3d8300000,0x000000e3d8400000)]
=>0x000002005c54b000 JavaThread "C2 CompilerThread1" daemon [_thread_in_native, id=29384, stack(0x000000e3d8500000,0x000000e3d8600000)]
  0x0000020057fba800 JavaThread "C2 CompilerThread2" daemon [_thread_in_native, id=17096, stack(0x000000e3d8600000,0x000000e3d8700000)]

Other Threads:
  0x00000200562fd000 VMThread "VM Thread" [stack: 0x000000e3d6400000,0x000000e3d6500000] [id=22588]
  0x000002005651b000 WatcherThread [stack: 0x000000e3d6d00000,0x000000e3d6e00000] [id=22012]
  0x000002002fe14000 GCTaskThread "GC Thread#0" [stack: 0x000000e3d5f00000,0x000000e3d6000000] [id=22600]
  0x0000020056d59800 GCTaskThread "GC Thread#1" [stack: 0x000000e3d7200000,0x000000e3d7300000] [id=11112]
  0x00000200571e5800 GCTaskThread "GC Thread#2" [stack: 0x000000e3d7300000,0x000000e3d7400000] [id=13476]
  0x00000200571e6000 GCTaskThread "GC Thread#3" [stack: 0x000000e3d7400000,0x000000e3d7500000] [id=16104]
  0x0000020057b63800 GCTaskThread "GC Thread#4" [stack: 0x000000e3d7500000,0x000000e3d7600000] [id=18856]
  0x0000020057b64000 GCTaskThread "GC Thread#5" [stack: 0x000000e3d7600000,0x000000e3d7700000] [id=7480]
  0x000002005cde8800 GCTaskThread "GC Thread#6" [stack: 0x000000e3d9a00000,0x000000e3d9b00000] [id=8304]
  0x000002002fe72000 ConcurrentGCThread "G1 Main Marker" [stack: 0x000000e3d6000000,0x000000e3d6100000] [id=28720]
  0x000002002fe73800 ConcurrentGCThread "G1 Conc#0" [stack: 0x000000e3d6100000,0x000000e3d6200000] [id=20348]
  0x0000020057a50000 ConcurrentGCThread "G1 Conc#1" [stack: 0x000000e3d7700000,0x000000e3d7800000] [id=12276]
  0x0000020057d9d000 ConcurrentGCThread "G1 Conc#2" [stack: 0x000000e3d7800000,0x000000e3d7900000] [id=26512]
  0x000002005595b800 ConcurrentGCThread "G1 Refine#0" [stack: 0x000000e3d6200000,0x000000e3d6300000] [id=15200]
  0x000002005b495800 ConcurrentGCThread "G1 Refine#1" [stack: 0x000000e3d9b00000,0x000000e3d9c00000] [id=26776]
  0x000002005cd2a000 ConcurrentGCThread "G1 Refine#2" [stack: 0x000000e3d9c00000,0x000000e3d9d00000] [id=20736]
  0x000002005c751800 ConcurrentGCThread "G1 Refine#3" [stack: 0x000000e3d9d00000,0x000000e3d9e00000] [id=1476]
  0x000002005595c800 ConcurrentGCThread "G1 Young RemSet Sampling" [stack: 0x000000e3d6300000,0x000000e3d6400000] [id=26548]

Threads with active compile tasks:
C2 CompilerThread04530       4       org.springframework.core.annotation.AnnotationTypeMappings::forAnnotationType (71 bytes)
C2 CompilerThread14528       4       org.springframework.core.annotation.TypeMappedAnnotations::get (52 bytes)
C2 CompilerThread24529       4       org.springframework.core.annotation.TypeMappedAnnotations::get (8 bytes)

VM state:not at safepoint (normal execution)

VM Mutex/Monitor currently owned by a thread: None

Heap address: 0x0000000702200000, size: 4062 MB, Compressed Oops mode: Zero based, Oop shift amount: 3
Narrow klass base: 0x0000000800000000, Narrow klass shift: 0
Compressed class space size: 1073741824 Address: 0x0000000800000000

Heap:
 garbage-first heap   total 312320K, used 161347K [0x0000000702200000, 0x0000000800000000)
  region size 1024K, 144 young (147456K), 22 survivors (22528K)
 Metaspace       used 51413K, capacity 53190K, committed 53504K, reserved 1095680K
  class space    used 6326K, capacity 7057K, committed 7168K, reserved 1048576K
Heap Regions: E=young(eden), S=young(survivor), O=old, HS=humongous(starts), HC=humongous(continues), CS=collection set, F=free, A=archive, TAMS=top-at-mark-start (previous, next)
|   0|0x0000000702200000, 0x0000000702300000, 0x0000000702300000|100%|HS|  |TAMS 0x0000000702300000, 0x0000000702200000| Complete 
|   1|0x0000000702300000, 0x0000000702400000, 0x0000000702400000|100%| O|  |TAMS 0x0000000702400000, 0x0000000702300000| Untracked 
|   2|0x0000000702400000, 0x0000000702500000, 0x0000000702500000|100%| O|  |TAMS 0x0000000702500000, 0x0000000702400000| Untracked 
|   3|0x0000000702500000, 0x0000000702600000, 0x0000000702600000|100%| O|  |TAMS 0x0000000702600000, 0x0000000702500000| Untracked 
|   4|0x0000000702600000, 0x0000000702700000, 0x0000000702700000|100%| O|  |TAMS 0x0000000702700000, 0x0000000702600000| Untracked 
|   5|0x0000000702700000, 0x0000000702800000, 0x0000000702800000|100%| O|  |TAMS 0x0000000702800000, 0x0000000702700000| Untracked 
|   6|0x0000000702800000, 0x0000000702900000, 0x0000000702900000|100%| O|  |TAMS 0x0000000702900000, 0x0000000702800000| Untracked 
|   7|0x0000000702900000, 0x0000000702a00000, 0x0000000702a00000|100%| O|  |TAMS 0x0000000702a00000, 0x0000000702900000| Untracked 
|   8|0x0000000702a00000, 0x0000000702b00000, 0x0000000702b00000|100%| O|  |TAMS 0x0000000702a3a600, 0x0000000702a00000| Untracked 
|   9|0x0000000702b00000, 0x0000000702c00000, 0x0000000702c00000|100%|HS|  |TAMS 0x0000000702b00000, 0x0000000702b00000| Complete 
|  10|0x0000000702c00000, 0x0000000702d00000, 0x0000000702d00000|100%| O|  |TAMS 0x0000000702c00000, 0x0000000702c00000| Untracked 
|  11|0x0000000702d00000, 0x0000000702e00000, 0x0000000702e00000|100%| O|  |TAMS 0x0000000702d00000, 0x0000000702d00000| Untracked 
|  12|0x0000000702e00000, 0x0000000702f00000, 0x0000000702f00000|100%| O|  |TAMS 0x0000000702e00000, 0x0000000702e00000| Untracked 
|  13|0x0000000702f00000, 0x0000000702f90e00, 0x0000000703000000| 56%| O|  |TAMS 0x0000000702f00000, 0x0000000702f00000| Untracked 
|  14|0x0000000703000000, 0x0000000703100000, 0x0000000703100000|100%|HS|  |TAMS 0x0000000703000000, 0x0000000703000000| Complete 
|  15|0x0000000703100000, 0x0000000703100000, 0x0000000703200000|  0%| F|  |TAMS 0x0000000703100000, 0x0000000703100000| Untracked 
|  16|0x0000000703200000, 0x0000000703200000, 0x0000000703300000|  0%| F|  |TAMS 0x0000000703200000, 0x0000000703200000| Untracked 
|  17|0x0000000703300000, 0x0000000703300000, 0x0000000703400000|  0%| F|  |TAMS 0x0000000703300000, 0x0000000703300000| Untracked 
|  18|0x0000000703400000, 0x0000000703400000, 0x0000000703500000|  0%| F|  |TAMS 0x0000000703400000, 0x0000000703400000| Untracked 
|  19|0x0000000703500000, 0x0000000703500000, 0x0000000703600000|  0%| F|  |TAMS 0x0000000703500000, 0x0000000703500000| Untracked 
|  20|0x0000000703600000, 0x0000000703600000, 0x0000000703700000|  0%| F|  |TAMS 0x0000000703600000, 0x0000000703600000| Untracked 
|  21|0x0000000703700000, 0x0000000703700000, 0x0000000703800000|  0%| F|  |TAMS 0x0000000703700000, 0x0000000703700000| Untracked 
|  22|0x0000000703800000, 0x0000000703800000, 0x0000000703900000|  0%| F|  |TAMS 0x0000000703800000, 0x0000000703800000| Untracked 
|  23|0x0000000703900000, 0x0000000703900000, 0x0000000703a00000|  0%| F|  |TAMS 0x0000000703900000, 0x0000000703900000| Untracked 
|  24|0x0000000703a00000, 0x0000000703a00000, 0x0000000703b00000|  0%| F|  |TAMS 0x0000000703a00000, 0x0000000703a00000| Untracked 
|  25|0x0000000703b00000, 0x0000000703b00000, 0x0000000703c00000|  0%| F|  |TAMS 0x0000000703b00000, 0x0000000703b00000| Untracked 
|  26|0x0000000703c00000, 0x0000000703c00000, 0x0000000703d00000|  0%| F|  |TAMS 0x0000000703c00000, 0x0000000703c00000| Untracked 
|  27|0x0000000703d00000, 0x0000000703d00000, 0x0000000703e00000|  0%| F|  |TAMS 0x0000000703d00000, 0x0000000703d00000| Untracked 
|  28|0x0000000703e00000, 0x0000000703e00000, 0x0000000703f00000|  0%| F|  |TAMS 0x0000000703e00000, 0x0000000703e00000| Untracked 
|  29|0x0000000703f00000, 0x0000000703f00000, 0x0000000704000000|  0%| F|  |TAMS 0x0000000703f00000, 0x0000000703f00000| Untracked 
|  30|0x0000000704000000, 0x0000000704000000, 0x0000000704100000|  0%| F|  |TAMS 0x0000000704000000, 0x0000000704000000| Untracked 
|  31|0x0000000704100000, 0x0000000704100000, 0x0000000704200000|  0%| F|  |TAMS 0x0000000704100000, 0x0000000704100000| Untracked 
|  32|0x0000000704200000, 0x0000000704200000, 0x0000000704300000|  0%| F|  |TAMS 0x0000000704200000, 0x0000000704200000| Untracked 
|  33|0x0000000704300000, 0x0000000704300000, 0x0000000704400000|  0%| F|  |TAMS 0x0000000704300000, 0x0000000704300000| Untracked 
|  34|0x0000000704400000, 0x0000000704400000, 0x0000000704500000|  0%| F|  |TAMS 0x0000000704400000, 0x0000000704400000| Untracked 
|  35|0x0000000704500000, 0x0000000704500000, 0x0000000704600000|  0%| F|  |TAMS 0x0000000704500000, 0x0000000704500000| Untracked 
|  36|0x0000000704600000, 0x0000000704600000, 0x0000000704700000|  0%| F|  |TAMS 0x0000000704600000, 0x0000000704600000| Untracked 
|  37|0x0000000704700000, 0x0000000704700000, 0x0000000704800000|  0%| F|  |TAMS 0x0000000704700000, 0x0000000704700000| Untracked 
|  38|0x0000000704800000, 0x0000000704800000, 0x0000000704900000|  0%| F|  |TAMS 0x0000000704800000, 0x0000000704800000| Untracked 
|  39|0x0000000704900000, 0x0000000704900000, 0x0000000704a00000|  0%| F|  |TAMS 0x0000000704900000, 0x0000000704900000| Untracked 
|  40|0x0000000704a00000, 0x0000000704a00000, 0x0000000704b00000|  0%| F|  |TAMS 0x0000000704a00000, 0x0000000704a00000| Untracked 
|  41|0x0000000704b00000, 0x0000000704b00000, 0x0000000704c00000|  0%| F|  |TAMS 0x0000000704b00000, 0x0000000704b00000| Untracked 
|  42|0x0000000704c00000, 0x0000000704c00000, 0x0000000704d00000|  0%| F|  |TAMS 0x0000000704c00000, 0x0000000704c00000| Untracked 
|  43|0x0000000704d00000, 0x0000000704d00000, 0x0000000704e00000|  0%| F|  |TAMS 0x0000000704d00000, 0x0000000704d00000| Untracked 
|  44|0x0000000704e00000, 0x0000000704e00000, 0x0000000704f00000|  0%| F|  |TAMS 0x0000000704e00000, 0x0000000704e00000| Untracked 
|  45|0x0000000704f00000, 0x0000000704f00000, 0x0000000705000000|  0%| F|  |TAMS 0x0000000704f00000, 0x0000000704f00000| Untracked 
|  46|0x0000000705000000, 0x0000000705000000, 0x0000000705100000|  0%| F|  |TAMS 0x0000000705000000, 0x0000000705000000| Untracked 
|  47|0x0000000705100000, 0x0000000705100000, 0x0000000705200000|  0%| F|  |TAMS 0x0000000705100000, 0x0000000705100000| Untracked 
|  48|0x0000000705200000, 0x0000000705200000, 0x0000000705300000|  0%| F|  |TAMS 0x0000000705200000, 0x0000000705200000| Untracked 
|  49|0x0000000705300000, 0x0000000705300000, 0x0000000705400000|  0%| F|  |TAMS 0x0000000705300000, 0x0000000705300000| Untracked 
|  50|0x0000000705400000, 0x0000000705400000, 0x0000000705500000|  0%| F|  |TAMS 0x0000000705400000, 0x0000000705400000| Untracked 
|  51|0x0000000705500000, 0x0000000705500000, 0x0000000705600000|  0%| F|  |TAMS 0x0000000705500000, 0x0000000705500000| Untracked 
|  52|0x0000000705600000, 0x0000000705600000, 0x0000000705700000|  0%| F|  |TAMS 0x0000000705600000, 0x0000000705600000| Untracked 
|  53|0x0000000705700000, 0x0000000705700000, 0x0000000705800000|  0%| F|  |TAMS 0x0000000705700000, 0x0000000705700000| Untracked 
|  54|0x0000000705800000, 0x0000000705800000, 0x0000000705900000|  0%| F|  |TAMS 0x0000000705800000, 0x0000000705800000| Untracked 
|  55|0x0000000705900000, 0x0000000705900000, 0x0000000705a00000|  0%| F|  |TAMS 0x0000000705900000, 0x0000000705900000| Untracked 
|  56|0x0000000705a00000, 0x0000000705a00000, 0x0000000705b00000|  0%| F|  |TAMS 0x0000000705a00000, 0x0000000705a00000| Untracked 
|  57|0x0000000705b00000, 0x0000000705b00000, 0x0000000705c00000|  0%| F|  |TAMS 0x0000000705b00000, 0x0000000705b00000| Untracked 
|  58|0x0000000705c00000, 0x0000000705c00000, 0x0000000705d00000|  0%| F|  |TAMS 0x0000000705c00000, 0x0000000705c00000| Untracked 
|  59|0x0000000705d00000, 0x0000000705d00000, 0x0000000705e00000|  0%| F|  |TAMS 0x0000000705d00000, 0x0000000705d00000| Untracked 
|  60|0x0000000705e00000, 0x0000000705e00000, 0x0000000705f00000|  0%| F|  |TAMS 0x0000000705e00000, 0x0000000705e00000| Untracked 
|  61|0x0000000705f00000, 0x0000000705f00000, 0x0000000706000000|  0%| F|  |TAMS 0x0000000705f00000, 0x0000000705f00000| Untracked 
|  62|0x0000000706000000, 0x0000000706000000, 0x0000000706100000|  0%| F|  |TAMS 0x0000000706000000, 0x0000000706000000| Untracked 
|  63|0x0000000706100000, 0x0000000706100000, 0x0000000706200000|  0%| F|  |TAMS 0x0000000706100000, 0x0000000706100000| Untracked 
|  64|0x0000000706200000, 0x0000000706200000, 0x0000000706300000|  0%| F|  |TAMS 0x0000000706200000, 0x0000000706200000| Untracked 
|  65|0x0000000706300000, 0x0000000706300000, 0x0000000706400000|  0%| F|  |TAMS 0x0000000706300000, 0x0000000706300000| Untracked 
|  66|0x0000000706400000, 0x0000000706400000, 0x0000000706500000|  0%| F|  |TAMS 0x0000000706400000, 0x0000000706400000| Untracked 
|  67|0x0000000706500000, 0x0000000706500000, 0x0000000706600000|  0%| F|  |TAMS 0x0000000706500000, 0x0000000706500000| Untracked 
|  68|0x0000000706600000, 0x0000000706600000, 0x0000000706700000|  0%| F|  |TAMS 0x0000000706600000, 0x0000000706600000| Untracked 
|  69|0x0000000706700000, 0x0000000706700000, 0x0000000706800000|  0%| F|  |TAMS 0x0000000706700000, 0x0000000706700000| Untracked 
|  70|0x0000000706800000, 0x0000000706800000, 0x0000000706900000|  0%| F|  |TAMS 0x0000000706800000, 0x0000000706800000| Untracked 
|  71|0x0000000706900000, 0x0000000706900000, 0x0000000706a00000|  0%| F|  |TAMS 0x0000000706900000, 0x0000000706900000| Untracked 
|  72|0x0000000706a00000, 0x0000000706a00000, 0x0000000706b00000|  0%| F|  |TAMS 0x0000000706a00000, 0x0000000706a00000| Untracked 
|  73|0x0000000706b00000, 0x0000000706b00000, 0x0000000706c00000|  0%| F|  |TAMS 0x0000000706b00000, 0x0000000706b00000| Untracked 
|  74|0x0000000706c00000, 0x0000000706c00000, 0x0000000706d00000|  0%| F|  |TAMS 0x0000000706c00000, 0x0000000706c00000| Untracked 
|  75|0x0000000706d00000, 0x0000000706d00000, 0x0000000706e00000|  0%| F|  |TAMS 0x0000000706d00000, 0x0000000706d00000| Untracked 
|  76|0x0000000706e00000, 0x0000000706e00000, 0x0000000706f00000|  0%| F|  |TAMS 0x0000000706e00000, 0x0000000706e00000| Untracked 
|  77|0x0000000706f00000, 0x0000000706f00000, 0x0000000707000000|  0%| F|  |TAMS 0x0000000706f00000, 0x0000000706f00000| Untracked 
|  78|0x0000000707000000, 0x0000000707000000, 0x0000000707100000|  0%| F|  |TAMS 0x0000000707000000, 0x0000000707000000| Untracked 
|  79|0x0000000707100000, 0x0000000707100000, 0x0000000707200000|  0%| F|  |TAMS 0x0000000707100000, 0x0000000707100000| Untracked 
|  80|0x0000000707200000, 0x0000000707200000, 0x0000000707300000|  0%| F|  |TAMS 0x0000000707200000, 0x0000000707200000| Untracked 
|  81|0x0000000707300000, 0x0000000707300000, 0x0000000707400000|  0%| F|  |TAMS 0x0000000707300000, 0x0000000707300000| Untracked 
|  82|0x0000000707400000, 0x0000000707400000, 0x0000000707500000|  0%| F|  |TAMS 0x0000000707400000, 0x0000000707400000| Untracked 
|  83|0x0000000707500000, 0x0000000707500000, 0x0000000707600000|  0%| F|  |TAMS 0x0000000707500000, 0x0000000707500000| Untracked 
|  84|0x0000000707600000, 0x0000000707600000, 0x0000000707700000|  0%| F|  |TAMS 0x0000000707600000, 0x0000000707600000| Untracked 
|  85|0x0000000707700000, 0x0000000707700000, 0x0000000707800000|  0%| F|  |TAMS 0x0000000707700000, 0x0000000707700000| Untracked 
|  86|0x0000000707800000, 0x0000000707800000, 0x0000000707900000|  0%| F|  |TAMS 0x0000000707800000, 0x0000000707800000| Untracked 
|  87|0x0000000707900000, 0x0000000707900000, 0x0000000707a00000|  0%| F|  |TAMS 0x0000000707900000, 0x0000000707900000| Untracked 
|  88|0x0000000707a00000, 0x0000000707a00000, 0x0000000707b00000|  0%| F|  |TAMS 0x0000000707a00000, 0x0000000707a00000| Untracked 
|  89|0x0000000707b00000, 0x0000000707b00000, 0x0000000707c00000|  0%| F|  |TAMS 0x0000000707b00000, 0x0000000707b00000| Untracked 
|  90|0x0000000707c00000, 0x0000000707c00000, 0x0000000707d00000|  0%| F|  |TAMS 0x0000000707c00000, 0x0000000707c00000| Untracked 
|  91|0x0000000707d00000, 0x0000000707d00000, 0x0000000707e00000|  0%| F|  |TAMS 0x0000000707d00000, 0x0000000707d00000| Untracked 
|  92|0x0000000707e00000, 0x0000000707e00000, 0x0000000707f00000|  0%| F|  |TAMS 0x0000000707e00000, 0x0000000707e00000| Untracked 
|  93|0x0000000707f00000, 0x0000000707f00000, 0x0000000708000000|  0%| F|  |TAMS 0x0000000707f00000, 0x0000000707f00000| Untracked 
|  94|0x0000000708000000, 0x0000000708000000, 0x0000000708100000|  0%| F|  |TAMS 0x0000000708000000, 0x0000000708000000| Untracked 
|  95|0x0000000708100000, 0x0000000708100000, 0x0000000708200000|  0%| F|  |TAMS 0x0000000708100000, 0x0000000708100000| Untracked 
|  96|0x0000000708200000, 0x0000000708200000, 0x0000000708300000|  0%| F|  |TAMS 0x0000000708200000, 0x0000000708200000| Untracked 
|  97|0x0000000708300000, 0x0000000708300000, 0x0000000708400000|  0%| F|  |TAMS 0x0000000708300000, 0x0000000708300000| Untracked 
|  98|0x0000000708400000, 0x0000000708400000, 0x0000000708500000|  0%| F|  |TAMS 0x0000000708400000, 0x0000000708400000| Untracked 
|  99|0x0000000708500000, 0x0000000708500000, 0x0000000708600000|  0%| F|  |TAMS 0x0000000708500000, 0x0000000708500000| Untracked 
| 100|0x0000000708600000, 0x0000000708600000, 0x0000000708700000|  0%| F|  |TAMS 0x0000000708600000, 0x0000000708600000| Untracked 
| 101|0x0000000708700000, 0x0000000708700000, 0x0000000708800000|  0%| F|  |TAMS 0x0000000708700000, 0x0000000708700000| Untracked 
| 102|0x0000000708800000, 0x0000000708800000, 0x0000000708900000|  0%| F|  |TAMS 0x0000000708800000, 0x0000000708800000| Untracked 
| 103|0x0000000708900000, 0x0000000708900000, 0x0000000708a00000|  0%| F|  |TAMS 0x0000000708900000, 0x0000000708900000| Untracked 
| 104|0x0000000708a00000, 0x0000000708a00000, 0x0000000708b00000|  0%| F|  |TAMS 0x0000000708a00000, 0x0000000708a00000| Untracked 
| 105|0x0000000708b00000, 0x0000000708b00000, 0x0000000708c00000|  0%| F|  |TAMS 0x0000000708b00000, 0x0000000708b00000| Untracked 
| 106|0x0000000708c00000, 0x0000000708c00000, 0x0000000708d00000|  0%| F|  |TAMS 0x0000000708c00000, 0x0000000708c00000| Untracked 
| 107|0x0000000708d00000, 0x0000000708d00000, 0x0000000708e00000|  0%| F|  |TAMS 0x0000000708d00000, 0x0000000708d00000| Untracked 
| 108|0x0000000708e00000, 0x0000000708e00000, 0x0000000708f00000|  0%| F|  |TAMS 0x0000000708e00000, 0x0000000708e00000| Untracked 
| 109|0x0000000708f00000, 0x0000000708f00000, 0x0000000709000000|  0%| F|  |TAMS 0x0000000708f00000, 0x0000000708f00000| Untracked 
| 110|0x0000000709000000, 0x0000000709000000, 0x0000000709100000|  0%| F|  |TAMS 0x0000000709000000, 0x0000000709000000| Untracked 
| 111|0x0000000709100000, 0x0000000709100000, 0x0000000709200000|  0%| F|  |TAMS 0x0000000709100000, 0x0000000709100000| Untracked 
| 112|0x0000000709200000, 0x0000000709200000, 0x0000000709300000|  0%| F|  |TAMS 0x0000000709200000, 0x0000000709200000| Untracked 
| 113|0x0000000709300000, 0x0000000709300000, 0x0000000709400000|  0%| F|  |TAMS 0x0000000709300000, 0x0000000709300000| Untracked 
| 114|0x0000000709400000, 0x0000000709500000, 0x0000000709500000|100%| S|CS|TAMS 0x0000000709400000, 0x0000000709400000| Complete 
| 115|0x0000000709500000, 0x0000000709600000, 0x0000000709600000|100%| S|CS|TAMS 0x0000000709500000, 0x0000000709500000| Complete 
| 116|0x0000000709600000, 0x0000000709700000, 0x0000000709700000|100%| S|CS|TAMS 0x0000000709600000, 0x0000000709600000| Complete 
| 117|0x0000000709700000, 0x0000000709800000, 0x0000000709800000|100%| S|CS|TAMS 0x0000000709700000, 0x0000000709700000| Complete 
| 118|0x0000000709800000, 0x0000000709900000, 0x0000000709900000|100%| S|CS|TAMS 0x0000000709800000, 0x0000000709800000| Complete 
| 119|0x0000000709900000, 0x0000000709a00000, 0x0000000709a00000|100%| S|CS|TAMS 0x0000000709900000, 0x0000000709900000| Complete 
| 120|0x0000000709a00000, 0x0000000709b00000, 0x0000000709b00000|100%| S|CS|TAMS 0x0000000709a00000, 0x0000000709a00000| Complete 
| 121|0x0000000709b00000, 0x0000000709c00000, 0x0000000709c00000|100%| S|CS|TAMS 0x0000000709b00000, 0x0000000709b00000| Complete 
| 122|0x0000000709c00000, 0x0000000709d00000, 0x0000000709d00000|100%| S|CS|TAMS 0x0000000709c00000, 0x0000000709c00000| Complete 
| 123|0x0000000709d00000, 0x0000000709e00000, 0x0000000709e00000|100%| S|CS|TAMS 0x0000000709d00000, 0x0000000709d00000| Complete 
| 124|0x0000000709e00000, 0x0000000709f00000, 0x0000000709f00000|100%| S|CS|TAMS 0x0000000709e00000, 0x0000000709e00000| Complete 
| 125|0x0000000709f00000, 0x000000070a000000, 0x000000070a000000|100%| S|CS|TAMS 0x0000000709f00000, 0x0000000709f00000| Complete 
| 126|0x000000070a000000, 0x000000070a100000, 0x000000070a100000|100%| S|CS|TAMS 0x000000070a000000, 0x000000070a000000| Complete 
| 127|0x000000070a100000, 0x000000070a200000, 0x000000070a200000|100%| S|CS|TAMS 0x000000070a100000, 0x000000070a100000| Complete 
| 128|0x000000070a200000, 0x000000070a300000, 0x000000070a300000|100%| S|CS|TAMS 0x000000070a200000, 0x000000070a200000| Complete 
| 129|0x000000070a300000, 0x000000070a400000, 0x000000070a400000|100%| S|CS|TAMS 0x000000070a300000, 0x000000070a300000| Complete 
| 130|0x000000070a400000, 0x000000070a500000, 0x000000070a500000|100%| S|CS|TAMS 0x000000070a400000, 0x000000070a400000| Complete 
| 131|0x000000070a500000, 0x000000070a600000, 0x000000070a600000|100%| S|CS|TAMS 0x000000070a500000, 0x000000070a500000| Complete 
| 132|0x000000070a600000, 0x000000070a700000, 0x000000070a700000|100%| S|CS|TAMS 0x000000070a600000, 0x000000070a600000| Complete 
| 133|0x000000070a700000, 0x000000070a800000, 0x000000070a800000|100%| S|CS|TAMS 0x000000070a700000, 0x000000070a700000| Complete 
| 134|0x000000070a800000, 0x000000070a900000, 0x000000070a900000|100%| S|CS|TAMS 0x000000070a800000, 0x000000070a800000| Complete 
| 135|0x000000070a900000, 0x000000070aa00000, 0x000000070aa00000|100%| S|CS|TAMS 0x000000070a900000, 0x000000070a900000| Complete 
| 136|0x000000070aa00000, 0x000000070aa00000, 0x000000070ab00000|  0%| F|  |TAMS 0x000000070aa00000, 0x000000070aa00000| Untracked 
| 137|0x000000070ab00000, 0x000000070ab00000, 0x000000070ac00000|  0%| F|  |TAMS 0x000000070ab00000, 0x000000070ab00000| Untracked 
| 138|0x000000070ac00000, 0x000000070ac00000, 0x000000070ad00000|  0%| F|  |TAMS 0x000000070ac00000, 0x000000070ac00000| Untracked 
| 139|0x000000070ad00000, 0x000000070ad00000, 0x000000070ae00000|  0%| F|  |TAMS 0x000000070ad00000, 0x000000070ad00000| Untracked 
| 140|0x000000070ae00000, 0x000000070ae00000, 0x000000070af00000|  0%| F|  |TAMS 0x000000070ae00000, 0x000000070ae00000| Untracked 
| 141|0x000000070af00000, 0x000000070af00000, 0x000000070b000000|  0%| F|  |TAMS 0x000000070af00000, 0x000000070af00000| Untracked 
| 142|0x000000070b000000, 0x000000070b000000, 0x000000070b100000|  0%| F|  |TAMS 0x000000070b000000, 0x000000070b000000| Untracked 
| 143|0x000000070b100000, 0x000000070b100000, 0x000000070b200000|  0%| F|  |TAMS 0x000000070b100000, 0x000000070b100000| Untracked 
| 144|0x000000070b200000, 0x000000070b200000, 0x000000070b300000|  0%| F|  |TAMS 0x000000070b200000, 0x000000070b200000| Untracked 
| 145|0x000000070b300000, 0x000000070b300000, 0x000000070b400000|  0%| F|  |TAMS 0x000000070b300000, 0x000000070b300000| Untracked 
| 146|0x000000070b400000, 0x000000070b400000, 0x000000070b500000|  0%| F|  |TAMS 0x000000070b400000, 0x000000070b400000| Untracked 
| 147|0x000000070b500000, 0x000000070b500000, 0x000000070b600000|  0%| F|  |TAMS 0x000000070b500000, 0x000000070b500000| Untracked 
| 148|0x000000070b600000, 0x000000070b600000, 0x000000070b700000|  0%| F|  |TAMS 0x000000070b600000, 0x000000070b600000| Untracked 
| 149|0x000000070b700000, 0x000000070b700000, 0x000000070b800000|  0%| F|  |TAMS 0x000000070b700000, 0x000000070b700000| Untracked 
| 150|0x000000070b800000, 0x000000070b800000, 0x000000070b900000|  0%| F|  |TAMS 0x000000070b800000, 0x000000070b800000| Untracked 
| 151|0x000000070b900000, 0x000000070b900000, 0x000000070ba00000|  0%| F|  |TAMS 0x000000070b900000, 0x000000070b900000| Untracked 
| 152|0x000000070ba00000, 0x000000070ba00000, 0x000000070bb00000|  0%| F|  |TAMS 0x000000070ba00000, 0x000000070ba00000| Untracked 
| 153|0x000000070bb00000, 0x000000070bb00000, 0x000000070bc00000|  0%| F|  |TAMS 0x000000070bb00000, 0x000000070bb00000| Untracked 
| 154|0x000000070bc00000, 0x000000070bc00000, 0x000000070bd00000|  0%| F|  |TAMS 0x000000070bc00000, 0x000000070bc00000| Untracked 
| 155|0x000000070bd00000, 0x000000070bd00000, 0x000000070be00000|  0%| F|  |TAMS 0x000000070bd00000, 0x000000070bd00000| Untracked 
| 156|0x000000070be00000, 0x000000070be00000, 0x000000070bf00000|  0%| F|  |TAMS 0x000000070be00000, 0x000000070be00000| Untracked 
| 157|0x000000070bf00000, 0x000000070bf00000, 0x000000070c000000|  0%| F|  |TAMS 0x000000070bf00000, 0x000000070bf00000| Untracked 
| 158|0x000000070c000000, 0x000000070c000000, 0x000000070c100000|  0%| F|  |TAMS 0x000000070c000000, 0x000000070c000000| Untracked 
| 159|0x000000070c100000, 0x000000070c100000, 0x000000070c200000|  0%| F|  |TAMS 0x000000070c100000, 0x000000070c100000| Untracked 
| 160|0x000000070c200000, 0x000000070c200000, 0x000000070c300000|  0%| F|  |TAMS 0x000000070c200000, 0x000000070c200000| Untracked 
| 161|0x000000070c300000, 0x000000070c300000, 0x000000070c400000|  0%| F|  |TAMS 0x000000070c300000, 0x000000070c300000| Untracked 
| 162|0x000000070c400000, 0x000000070c400000, 0x000000070c500000|  0%| F|  |TAMS 0x000000070c400000, 0x000000070c400000| Untracked 
| 163|0x000000070c500000, 0x000000070c500000, 0x000000070c600000|  0%| F|  |TAMS 0x000000070c500000, 0x000000070c500000| Untracked 
| 164|0x000000070c600000, 0x000000070c600000, 0x000000070c700000|  0%| F|  |TAMS 0x000000070c600000, 0x000000070c600000| Untracked 
| 165|0x000000070c700000, 0x000000070c700000, 0x000000070c800000|  0%| F|  |TAMS 0x000000070c700000, 0x000000070c700000| Untracked 
| 166|0x000000070c800000, 0x000000070c800000, 0x000000070c900000|  0%| F|  |TAMS 0x000000070c800000, 0x000000070c800000| Untracked 
| 167|0x000000070c900000, 0x000000070c900000, 0x000000070ca00000|  0%| F|  |TAMS 0x000000070c900000, 0x000000070c900000| Untracked 
| 168|0x000000070ca00000, 0x000000070ca00000, 0x000000070cb00000|  0%| F|  |TAMS 0x000000070ca00000, 0x000000070ca00000| Untracked 
| 169|0x000000070cb00000, 0x000000070cb00000, 0x000000070cc00000|  0%| F|  |TAMS 0x000000070cb00000, 0x000000070cb00000| Untracked 
| 170|0x000000070cc00000, 0x000000070cc00000, 0x000000070cd00000|  0%| F|  |TAMS 0x000000070cc00000, 0x000000070cc00000| Untracked 
| 171|0x000000070cd00000, 0x000000070cd00000, 0x000000070ce00000|  0%| F|  |TAMS 0x000000070cd00000, 0x000000070cd00000| Untracked 
| 172|0x000000070ce00000, 0x000000070ce00000, 0x000000070cf00000|  0%| F|  |TAMS 0x000000070ce00000, 0x000000070ce00000| Untracked 
| 173|0x000000070cf00000, 0x000000070cf00000, 0x000000070d000000|  0%| F|  |TAMS 0x000000070cf00000, 0x000000070cf00000| Untracked 
| 174|0x000000070d000000, 0x000000070d000000, 0x000000070d100000|  0%| F|  |TAMS 0x000000070d000000, 0x000000070d000000| Untracked 
| 175|0x000000070d100000, 0x000000070d100000, 0x000000070d200000|  0%| F|  |TAMS 0x000000070d100000, 0x000000070d100000| Untracked 
| 176|0x000000070d200000, 0x000000070d200000, 0x000000070d300000|  0%| F|  |TAMS 0x000000070d200000, 0x000000070d200000| Untracked 
| 177|0x000000070d300000, 0x000000070d300000, 0x000000070d400000|  0%| F|  |TAMS 0x000000070d300000, 0x000000070d300000| Untracked 
| 178|0x000000070d400000, 0x000000070d400000, 0x000000070d500000|  0%| F|  |TAMS 0x000000070d400000, 0x000000070d400000| Untracked 
| 179|0x000000070d500000, 0x000000070d500000, 0x000000070d600000|  0%| F|  |TAMS 0x000000070d500000, 0x000000070d500000| Untracked 
| 180|0x000000070d600000, 0x000000070d600000, 0x000000070d700000|  0%| F|  |TAMS 0x000000070d600000, 0x000000070d600000| Untracked 
| 181|0x000000070d700000, 0x000000070d700000, 0x000000070d800000|  0%| F|  |TAMS 0x000000070d700000, 0x000000070d700000| Untracked 
| 182|0x000000070d800000, 0x000000070d880800, 0x000000070d900000| 50%| E|  |TAMS 0x000000070d800000, 0x000000070d800000| Complete 
| 183|0x000000070d900000, 0x000000070da00000, 0x000000070da00000|100%| E|CS|TAMS 0x000000070d900000, 0x000000070d900000| Complete 
| 184|0x000000070da00000, 0x000000070db00000, 0x000000070db00000|100%| E|CS|TAMS 0x000000070da00000, 0x000000070da00000| Complete 
| 185|0x000000070db00000, 0x000000070dc00000, 0x000000070dc00000|100%| E|CS|TAMS 0x000000070db00000, 0x000000070db00000| Complete 
| 186|0x000000070dc00000, 0x000000070dd00000, 0x000000070dd00000|100%| E|CS|TAMS 0x000000070dc00000, 0x000000070dc00000| Complete 
| 187|0x000000070dd00000, 0x000000070de00000, 0x000000070de00000|100%| E|CS|TAMS 0x000000070dd00000, 0x000000070dd00000| Complete 
| 188|0x000000070de00000, 0x000000070df00000, 0x000000070df00000|100%| E|CS|TAMS 0x000000070de00000, 0x000000070de00000| Complete 
| 189|0x000000070df00000, 0x000000070e000000, 0x000000070e000000|100%| E|CS|TAMS 0x000000070df00000, 0x000000070df00000| Complete 
| 190|0x000000070e000000, 0x000000070e100000, 0x000000070e100000|100%| E|CS|TAMS 0x000000070e000000, 0x000000070e000000| Complete 
| 191|0x000000070e100000, 0x000000070e200000, 0x000000070e200000|100%| E|CS|TAMS 0x000000070e100000, 0x000000070e100000| Complete 
| 192|0x000000070e200000, 0x000000070e300000, 0x000000070e300000|100%| E|CS|TAMS 0x000000070e200000, 0x000000070e200000| Complete 
| 193|0x000000070e300000, 0x000000070e400000, 0x000000070e400000|100%| E|CS|TAMS 0x000000070e300000, 0x000000070e300000| Complete 
| 194|0x000000070e400000, 0x000000070e500000, 0x000000070e500000|100%| E|CS|TAMS 0x000000070e400000, 0x000000070e400000| Complete 
| 195|0x000000070e500000, 0x000000070e600000, 0x000000070e600000|100%| E|CS|TAMS 0x000000070e500000, 0x000000070e500000| Complete 
| 196|0x000000070e600000, 0x000000070e700000, 0x000000070e700000|100%| E|CS|TAMS 0x000000070e600000, 0x000000070e600000| Complete 
| 197|0x000000070e700000, 0x000000070e800000, 0x000000070e800000|100%| E|CS|TAMS 0x000000070e700000, 0x000000070e700000| Complete 
| 198|0x000000070e800000, 0x000000070e900000, 0x000000070e900000|100%| E|CS|TAMS 0x000000070e800000, 0x000000070e800000| Complete 
| 199|0x000000070e900000, 0x000000070ea00000, 0x000000070ea00000|100%| E|CS|TAMS 0x000000070e900000, 0x000000070e900000| Complete 
| 200|0x000000070ea00000, 0x000000070eb00000, 0x000000070eb00000|100%| E|CS|TAMS 0x000000070ea00000, 0x000000070ea00000| Complete 
| 201|0x000000070eb00000, 0x000000070ec00000, 0x000000070ec00000|100%| E|CS|TAMS 0x000000070eb00000, 0x000000070eb00000| Complete 
| 202|0x000000070ec00000, 0x000000070ed00000, 0x000000070ed00000|100%| E|CS|TAMS 0x000000070ec00000, 0x000000070ec00000| Complete 
| 203|0x000000070ed00000, 0x000000070ee00000, 0x000000070ee00000|100%| E|CS|TAMS 0x000000070ed00000, 0x000000070ed00000| Complete 
| 204|0x000000070ee00000, 0x000000070ef00000, 0x000000070ef00000|100%| E|CS|TAMS 0x000000070ee00000, 0x000000070ee00000| Complete 
| 205|0x000000070ef00000, 0x000000070f000000, 0x000000070f000000|100%| E|CS|TAMS 0x000000070ef00000, 0x000000070ef00000| Complete 
| 206|0x000000070f000000, 0x000000070f100000, 0x000000070f100000|100%| E|CS|TAMS 0x000000070f000000, 0x000000070f000000| Complete 
| 207|0x000000070f100000, 0x000000070f200000, 0x000000070f200000|100%| E|CS|TAMS 0x000000070f100000, 0x000000070f100000| Complete 
| 208|0x000000070f200000, 0x000000070f300000, 0x000000070f300000|100%| E|CS|TAMS 0x000000070f200000, 0x000000070f200000| Complete 
| 209|0x000000070f300000, 0x000000070f400000, 0x000000070f400000|100%| E|CS|TAMS 0x000000070f300000, 0x000000070f300000| Complete 
| 210|0x000000070f400000, 0x000000070f500000, 0x000000070f500000|100%| E|CS|TAMS 0x000000070f400000, 0x000000070f400000| Complete 
| 211|0x000000070f500000, 0x000000070f600000, 0x000000070f600000|100%| E|CS|TAMS 0x000000070f500000, 0x000000070f500000| Complete 
| 212|0x000000070f600000, 0x000000070f700000, 0x000000070f700000|100%| E|CS|TAMS 0x000000070f600000, 0x000000070f600000| Complete 
| 213|0x000000070f700000, 0x000000070f800000, 0x000000070f800000|100%| E|CS|TAMS 0x000000070f700000, 0x000000070f700000| Complete 
| 214|0x000000070f800000, 0x000000070f900000, 0x000000070f900000|100%| E|CS|TAMS 0x000000070f800000, 0x000000070f800000| Complete 
| 215|0x000000070f900000, 0x000000070fa00000, 0x000000070fa00000|100%| E|CS|TAMS 0x000000070f900000, 0x000000070f900000| Complete 
| 216|0x000000070fa00000, 0x000000070fb00000, 0x000000070fb00000|100%| E|CS|TAMS 0x000000070fa00000, 0x000000070fa00000| Complete 
| 217|0x000000070fb00000, 0x000000070fc00000, 0x000000070fc00000|100%| E|CS|TAMS 0x000000070fb00000, 0x000000070fb00000| Complete 
| 218|0x000000070fc00000, 0x000000070fd00000, 0x000000070fd00000|100%| E|CS|TAMS 0x000000070fc00000, 0x000000070fc00000| Complete 
| 219|0x000000070fd00000, 0x000000070fe00000, 0x000000070fe00000|100%| E|CS|TAMS 0x000000070fd00000, 0x000000070fd00000| Complete 
| 220|0x000000070fe00000, 0x000000070ff00000, 0x000000070ff00000|100%| E|CS|TAMS 0x000000070fe00000, 0x000000070fe00000| Complete 
| 221|0x000000070ff00000, 0x0000000710000000, 0x0000000710000000|100%| E|CS|TAMS 0x000000070ff00000, 0x000000070ff00000| Complete 
| 222|0x0000000710000000, 0x0000000710100000, 0x0000000710100000|100%| E|CS|TAMS 0x0000000710000000, 0x0000000710000000| Complete 
| 223|0x0000000710100000, 0x0000000710200000, 0x0000000710200000|100%| E|CS|TAMS 0x0000000710100000, 0x0000000710100000| Complete 
| 224|0x0000000710200000, 0x0000000710300000, 0x0000000710300000|100%| E|CS|TAMS 0x0000000710200000, 0x0000000710200000| Complete 
| 225|0x0000000710300000, 0x0000000710400000, 0x0000000710400000|100%| E|CS|TAMS 0x0000000710300000, 0x0000000710300000| Complete 
| 226|0x0000000710400000, 0x0000000710500000, 0x0000000710500000|100%| E|CS|TAMS 0x0000000710400000, 0x0000000710400000| Complete 
| 227|0x0000000710500000, 0x0000000710600000, 0x0000000710600000|100%| E|CS|TAMS 0x0000000710500000, 0x0000000710500000| Complete 
| 228|0x0000000710600000, 0x0000000710700000, 0x0000000710700000|100%| E|CS|TAMS 0x0000000710600000, 0x0000000710600000| Complete 
| 229|0x0000000710700000, 0x0000000710800000, 0x0000000710800000|100%| E|CS|TAMS 0x0000000710700000, 0x0000000710700000| Complete 
| 230|0x0000000710800000, 0x0000000710900000, 0x0000000710900000|100%| E|CS|TAMS 0x0000000710800000, 0x0000000710800000| Complete 
| 231|0x0000000710900000, 0x0000000710a00000, 0x0000000710a00000|100%| E|CS|TAMS 0x0000000710900000, 0x0000000710900000| Complete 
| 232|0x0000000710a00000, 0x0000000710b00000, 0x0000000710b00000|100%| E|CS|TAMS 0x0000000710a00000, 0x0000000710a00000| Complete 
| 233|0x0000000710b00000, 0x0000000710c00000, 0x0000000710c00000|100%| E|CS|TAMS 0x0000000710b00000, 0x0000000710b00000| Complete 
| 234|0x0000000710c00000, 0x0000000710d00000, 0x0000000710d00000|100%| E|CS|TAMS 0x0000000710c00000, 0x0000000710c00000| Complete 
| 235|0x0000000710d00000, 0x0000000710e00000, 0x0000000710e00000|100%| E|CS|TAMS 0x0000000710d00000, 0x0000000710d00000| Complete 
| 236|0x0000000710e00000, 0x0000000710f00000, 0x0000000710f00000|100%| E|CS|TAMS 0x0000000710e00000, 0x0000000710e00000| Complete 
| 237|0x0000000710f00000, 0x0000000711000000, 0x0000000711000000|100%| E|CS|TAMS 0x0000000710f00000, 0x0000000710f00000| Complete 
| 238|0x0000000711000000, 0x0000000711100000, 0x0000000711100000|100%| E|CS|TAMS 0x0000000711000000, 0x0000000711000000| Complete 
| 239|0x0000000711100000, 0x0000000711200000, 0x0000000711200000|100%| E|CS|TAMS 0x0000000711100000, 0x0000000711100000| Complete 
| 240|0x0000000711200000, 0x0000000711300000, 0x0000000711300000|100%| E|CS|TAMS 0x0000000711200000, 0x0000000711200000| Complete 
| 241|0x0000000711300000, 0x0000000711400000, 0x0000000711400000|100%| E|CS|TAMS 0x0000000711300000, 0x0000000711300000| Complete 
| 242|0x0000000711400000, 0x0000000711500000, 0x0000000711500000|100%| E|CS|TAMS 0x0000000711400000, 0x0000000711400000| Complete 
| 243|0x0000000711500000, 0x0000000711600000, 0x0000000711600000|100%| E|CS|TAMS 0x0000000711500000, 0x0000000711500000| Complete 
| 244|0x0000000711600000, 0x0000000711700000, 0x0000000711700000|100%| E|CS|TAMS 0x0000000711600000, 0x0000000711600000| Complete 
| 245|0x0000000711700000, 0x0000000711800000, 0x0000000711800000|100%| E|CS|TAMS 0x0000000711700000, 0x0000000711700000| Complete 
| 246|0x0000000711800000, 0x0000000711900000, 0x0000000711900000|100%| E|CS|TAMS 0x0000000711800000, 0x0000000711800000| Complete 
| 247|0x0000000711900000, 0x0000000711a00000, 0x0000000711a00000|100%| E|CS|TAMS 0x0000000711900000, 0x0000000711900000| Complete 
| 248|0x0000000711a00000, 0x0000000711b00000, 0x0000000711b00000|100%| E|CS|TAMS 0x0000000711a00000, 0x0000000711a00000| Complete 
| 249|0x0000000711b00000, 0x0000000711c00000, 0x0000000711c00000|100%| E|CS|TAMS 0x0000000711b00000, 0x0000000711b00000| Complete 
| 250|0x0000000711c00000, 0x0000000711d00000, 0x0000000711d00000|100%| E|CS|TAMS 0x0000000711c00000, 0x0000000711c00000| Complete 
| 251|0x0000000711d00000, 0x0000000711e00000, 0x0000000711e00000|100%| E|CS|TAMS 0x0000000711d00000, 0x0000000711d00000| Complete 
| 252|0x0000000711e00000, 0x0000000711f00000, 0x0000000711f00000|100%| E|CS|TAMS 0x0000000711e00000, 0x0000000711e00000| Complete 
| 253|0x0000000711f00000, 0x0000000712000000, 0x0000000712000000|100%| E|CS|TAMS 0x0000000711f00000, 0x0000000711f00000| Complete 
| 254|0x0000000712000000, 0x0000000712100000, 0x0000000712100000|100%| E|CS|TAMS 0x0000000712000000, 0x0000000712000000| Complete 
| 255|0x0000000712100000, 0x0000000712200000, 0x0000000712200000|100%| E|CS|TAMS 0x0000000712100000, 0x0000000712100000| Complete 
| 256|0x0000000712200000, 0x0000000712300000, 0x0000000712300000|100%| E|CS|TAMS 0x0000000712200000, 0x0000000712200000| Complete 
| 257|0x0000000712300000, 0x0000000712400000, 0x0000000712400000|100%| E|CS|TAMS 0x0000000712300000, 0x0000000712300000| Complete 
| 258|0x0000000712400000, 0x0000000712500000, 0x0000000712500000|100%| E|CS|TAMS 0x0000000712400000, 0x0000000712400000| Complete 
| 259|0x0000000712500000, 0x0000000712600000, 0x0000000712600000|100%| E|CS|TAMS 0x0000000712500000, 0x0000000712500000| Complete 
| 260|0x0000000712600000, 0x0000000712700000, 0x0000000712700000|100%| E|CS|TAMS 0x0000000712600000, 0x0000000712600000| Complete 
| 261|0x0000000712700000, 0x0000000712800000, 0x0000000712800000|100%| E|CS|TAMS 0x0000000712700000, 0x0000000712700000| Complete 
| 262|0x0000000712800000, 0x0000000712900000, 0x0000000712900000|100%| E|CS|TAMS 0x0000000712800000, 0x0000000712800000| Complete 
| 263|0x0000000712900000, 0x0000000712a00000, 0x0000000712a00000|100%| E|CS|TAMS 0x0000000712900000, 0x0000000712900000| Complete 
| 264|0x0000000712a00000, 0x0000000712b00000, 0x0000000712b00000|100%| E|CS|TAMS 0x0000000712a00000, 0x0000000712a00000| Complete 
| 265|0x0000000712b00000, 0x0000000712c00000, 0x0000000712c00000|100%| E|CS|TAMS 0x0000000712b00000, 0x0000000712b00000| Complete 
| 266|0x0000000712c00000, 0x0000000712d00000, 0x0000000712d00000|100%| E|CS|TAMS 0x0000000712c00000, 0x0000000712c00000| Complete 
| 267|0x0000000712d00000, 0x0000000712e00000, 0x0000000712e00000|100%| E|CS|TAMS 0x0000000712d00000, 0x0000000712d00000| Complete 
| 268|0x0000000712e00000, 0x0000000712f00000, 0x0000000712f00000|100%| E|CS|TAMS 0x0000000712e00000, 0x0000000712e00000| Complete 
| 269|0x0000000712f00000, 0x0000000713000000, 0x0000000713000000|100%| E|CS|TAMS 0x0000000712f00000, 0x0000000712f00000| Complete 
| 270|0x0000000713000000, 0x0000000713100000, 0x0000000713100000|100%| E|CS|TAMS 0x0000000713000000, 0x0000000713000000| Complete 
| 271|0x0000000713100000, 0x0000000713200000, 0x0000000713200000|100%| E|CS|TAMS 0x0000000713100000, 0x0000000713100000| Complete 
| 272|0x0000000713200000, 0x0000000713300000, 0x0000000713300000|100%| E|CS|TAMS 0x0000000713200000, 0x0000000713200000| Complete 
| 273|0x0000000713300000, 0x0000000713400000, 0x0000000713400000|100%| E|CS|TAMS 0x0000000713300000, 0x0000000713300000| Complete 
| 274|0x0000000713400000, 0x0000000713500000, 0x0000000713500000|100%| E|CS|TAMS 0x0000000713400000, 0x0000000713400000| Complete 
| 275|0x0000000713500000, 0x0000000713600000, 0x0000000713600000|100%| E|CS|TAMS 0x0000000713500000, 0x0000000713500000| Complete 
| 276|0x0000000713600000, 0x0000000713700000, 0x0000000713700000|100%| E|CS|TAMS 0x0000000713600000, 0x0000000713600000| Complete 
| 277|0x0000000713700000, 0x0000000713800000, 0x0000000713800000|100%| E|CS|TAMS 0x0000000713700000, 0x0000000713700000| Complete 
| 278|0x0000000713800000, 0x0000000713900000, 0x0000000713900000|100%| E|CS|TAMS 0x0000000713800000, 0x0000000713800000| Complete 
| 279|0x0000000713900000, 0x0000000713a00000, 0x0000000713a00000|100%| E|CS|TAMS 0x0000000713900000, 0x0000000713900000| Complete 
| 280|0x0000000713a00000, 0x0000000713b00000, 0x0000000713b00000|100%| E|CS|TAMS 0x0000000713a00000, 0x0000000713a00000| Complete 
| 281|0x0000000713b00000, 0x0000000713c00000, 0x0000000713c00000|100%| E|CS|TAMS 0x0000000713b00000, 0x0000000713b00000| Complete 
| 282|0x0000000713c00000, 0x0000000713d00000, 0x0000000713d00000|100%| E|CS|TAMS 0x0000000713c00000, 0x0000000713c00000| Complete 
| 283|0x0000000713d00000, 0x0000000713e00000, 0x0000000713e00000|100%| E|CS|TAMS 0x0000000713d00000, 0x0000000713d00000| Complete 
| 284|0x0000000713e00000, 0x0000000713f00000, 0x0000000713f00000|100%| E|CS|TAMS 0x0000000713e00000, 0x0000000713e00000| Complete 
| 285|0x0000000713f00000, 0x0000000714000000, 0x0000000714000000|100%| E|CS|TAMS 0x0000000713f00000, 0x0000000713f00000| Complete 
| 286|0x0000000714000000, 0x0000000714100000, 0x0000000714100000|100%| E|CS|TAMS 0x0000000714000000, 0x0000000714000000| Complete 
| 287|0x0000000714100000, 0x0000000714200000, 0x0000000714200000|100%| E|CS|TAMS 0x0000000714100000, 0x0000000714100000| Complete 
| 288|0x0000000714200000, 0x0000000714300000, 0x0000000714300000|100%| E|CS|TAMS 0x0000000714200000, 0x0000000714200000| Complete 
| 289|0x0000000714300000, 0x0000000714400000, 0x0000000714400000|100%| E|CS|TAMS 0x0000000714300000, 0x0000000714300000| Complete 
| 290|0x0000000714400000, 0x0000000714500000, 0x0000000714500000|100%| E|CS|TAMS 0x0000000714400000, 0x0000000714400000| Complete 
| 291|0x0000000714500000, 0x0000000714600000, 0x0000000714600000|100%| E|CS|TAMS 0x0000000714500000, 0x0000000714500000| Complete 
| 292|0x0000000714600000, 0x0000000714700000, 0x0000000714700000|100%| E|CS|TAMS 0x0000000714600000, 0x0000000714600000| Complete 
| 293|0x0000000714700000, 0x0000000714800000, 0x0000000714800000|100%| E|CS|TAMS 0x0000000714700000, 0x0000000714700000| Complete 
| 294|0x0000000714800000, 0x0000000714900000, 0x0000000714900000|100%| E|CS|TAMS 0x0000000714800000, 0x0000000714800000| Complete 
| 295|0x0000000714900000, 0x0000000714a00000, 0x0000000714a00000|100%| E|CS|TAMS 0x0000000714900000, 0x0000000714900000| Complete 
| 296|0x0000000714a00000, 0x0000000714b00000, 0x0000000714b00000|100%| E|CS|TAMS 0x0000000714a00000, 0x0000000714a00000| Complete 
| 297|0x0000000714b00000, 0x0000000714c00000, 0x0000000714c00000|100%| E|CS|TAMS 0x0000000714b00000, 0x0000000714b00000| Complete 
| 298|0x0000000714c00000, 0x0000000714d00000, 0x0000000714d00000|100%| E|CS|TAMS 0x0000000714c00000, 0x0000000714c00000| Complete 
| 299|0x0000000714d00000, 0x0000000714e00000, 0x0000000714e00000|100%| E|CS|TAMS 0x0000000714d00000, 0x0000000714d00000| Complete 
| 300|0x0000000714e00000, 0x0000000714f00000, 0x0000000714f00000|100%| E|CS|TAMS 0x0000000714e00000, 0x0000000714e00000| Complete 
| 301|0x0000000714f00000, 0x0000000715000000, 0x0000000715000000|100%| E|CS|TAMS 0x0000000714f00000, 0x0000000714f00000| Complete 
| 302|0x0000000715000000, 0x0000000715100000, 0x0000000715100000|100%| E|CS|TAMS 0x0000000715000000, 0x0000000715000000| Complete 
| 303|0x0000000715100000, 0x0000000715200000, 0x0000000715200000|100%| E|CS|TAMS 0x0000000715100000, 0x0000000715100000| Complete 
| 304|0x0000000715200000, 0x0000000715300000, 0x0000000715300000|100%| E|CS|TAMS 0x0000000715200000, 0x0000000715200000| Complete 

Card table byte_map: [0x0000020049dc0000,0x000002004a5b0000] _byte_map_base: 0x00000200465af000

Marking Bits (Prev, Next): (CMBitMap*) 0x000002002fe616c8, (CMBitMap*) 0x000002002fe61700
 Prev Bits: [0x000002004ada0000, 0x000002004ed18000)
 Next Bits: [0x000002004ed20000, 0x0000020052c98000)

Polling page: 0x000002002fb70000

Metaspace:

Usage:
  Non-class:     45.12 MB capacity,    44.05 MB ( 98%) used,   881.25 KB (  2%) free+waste,   211.75 KB ( <1%) overhead. 
      Class:      6.89 MB capacity,     6.18 MB ( 90%) used,   624.02 KB (  9%) free+waste,   104.63 KB (  1%) overhead. 
       Both:     52.01 MB capacity,    50.23 MB ( 97%) used,     1.47 MB (  3%) free+waste,   316.38 KB ( <1%) overhead. 

Virtual space:
  Non-class space:       46.00 MB reserved,      45.25 MB ( 98%) committed 
      Class space:        1.00 GB reserved,       7.00 MB ( <1%) committed 
             Both:        1.04 GB reserved,      52.25 MB (  5%) committed 

Chunk freelists:
   Non-Class:  896 bytes
       Class:  1.63 KB
        Both:  2.50 KB

CodeHeap 'non-profiled nmethods': size=120000Kb used=2447Kb max_used=2447Kb free=117552Kb
 bounds [0x0000020041420000, 0x0000020041690000, 0x0000020048950000]
CodeHeap 'profiled nmethods': size=120000Kb used=10921Kb max_used=10921Kb free=109078Kb
 bounds [0x0000020039ef0000, 0x000002003a9a0000, 0x0000020041420000]
CodeHeap 'non-nmethods': size=5760Kb used=1190Kb max_used=1245Kb free=4569Kb
 bounds [0x0000020039950000, 0x0000020039bc0000, 0x0000020039ef0000]
 total_blobs=6265 nmethods=4357 adapters=448
 compilation: enabled
              stopped_count=0, restarted_count=0
 full_count=0

Compilation events (10 events):
Event: 5.245 Thread 0x000002005639a000 4608       3       java.util.concurrent.ConcurrentHashMap::<init> (73 bytes)
Event: 5.245 Thread 0x000002005639a000 nmethod 4608 0x000002003a988b10 code [0x000002003a988d40, 0x000002003a989320]
Event: 5.245 Thread 0x000002005639a000 4609   !   3       com.sun.proxy.$Proxy55::annotationType (29 bytes)
Event: 5.245 Thread 0x000002005639a000 nmethod 4609 0x000002003a989490 code [0x000002003a989680, 0x000002003a989b00]
Event: 5.265 Thread 0x000002005639a000 4610       3       java.beans.PropertyDescriptor::setClass0 (25 bytes)
Event: 5.266 Thread 0x000002005639a000 nmethod 4610 0x000002003a989c90 code [0x000002003a989ee0, 0x000002003a98aa40]
Event: 5.266 Thread 0x000002005639a000 4611  s!   3       java.beans.PropertyDescriptor::getPropertyType (33 bytes)
Event: 5.266 Thread 0x000002005639a000 nmethod 4611 0x000002003a98ad10 code [0x000002003a98af60, 0x000002003a98bab0]
Event: 5.266 Thread 0x000002005639a000 4613       3       org.springframework.core.MethodParameter::<init> (99 bytes)
Event: 5.267 Thread 0x000002005639a000 nmethod 4613 0x000002003a98be10 code [0x000002003a98c000, 0x000002003a98c730]

GC Heap History (10 events):
Event: 0.828 GC heap before
{Heap before GC invocations=1 (full 0):
 garbage-first heap   total 260096K, used 32929K [0x0000000702200000, 0x0000000800000000)
  region size 1024K, 27 young (27648K), 3 survivors (3072K)
 Metaspace       used 14953K, capacity 15442K, committed 15616K, reserved 1062912K
  class space    used 1546K, capacity 1740K, committed 1792K, reserved 1048576K
}
Event: 0.831 GC heap after
{Heap after GC invocations=2 (full 0):
 garbage-first heap   total 260096K, used 9346K [0x0000000702200000, 0x0000000800000000)
  region size 1024K, 1 young (1024K), 1 survivors (1024K)
 Metaspace       used 14953K, capacity 15442K, committed 15616K, reserved 1062912K
  class space    used 1546K, capacity 1740K, committed 1792K, reserved 1048576K
}
Event: 1.284 GC heap before
{Heap before GC invocations=2 (full 0):
 garbage-first heap   total 260096K, used 52354K [0x0000000702200000, 0x0000000800000000)
  region size 1024K, 44 young (45056K), 1 survivors (1024K)
 Metaspace       used 20567K, capacity 21178K, committed 21248K, reserved 1069056K
  class space    used 2288K, capacity 2551K, committed 2560K, reserved 1048576K
}
Event: 1.287 GC heap after
{Heap after GC invocations=3 (full 0):
 garbage-first heap   total 260096K, used 10675K [0x0000000702200000, 0x0000000800000000)
  region size 1024K, 3 young (3072K), 3 survivors (3072K)
 Metaspace       used 20567K, capacity 21178K, committed 21248K, reserved 1069056K
  class space    used 2288K, capacity 2551K, committed 2560K, reserved 1048576K
}
Event: 1.804 GC heap before
{Heap before GC invocations=4 (full 0):
 garbage-first heap   total 260096K, used 80307K [0x0000000702200000, 0x0000000800000000)
  region size 1024K, 71 young (72704K), 3 survivors (3072K)
 Metaspace       used 28773K, capacity 29616K, committed 29824K, reserved 1075200K
  class space    used 3290K, capacity 3617K, committed 3712K, reserved 1048576K
}
Event: 1.809 GC heap after
{Heap after GC invocations=5 (full 0):
 garbage-first heap   total 260096K, used 13191K [0x0000000702200000, 0x0000000800000000)
  region size 1024K, 5 young (5120K), 5 survivors (5120K)
 Metaspace       used 28773K, capacity 29616K, committed 29824K, reserved 1075200K
  class space    used 3290K, capacity 3617K, committed 3712K, reserved 1048576K
}
Event: 2.607 GC heap before
{Heap before GC invocations=5 (full 0):
 garbage-first heap   total 260096K, used 95111K [0x0000000702200000, 0x0000000800000000)
  region size 1024K, 86 young (88064K), 5 survivors (5120K)
 Metaspace       used 34692K, capacity 35690K, committed 35840K, reserved 1081344K
  class space    used 4138K, capacity 4511K, committed 4608K, reserved 1048576K
}
Event: 2.615 GC heap after
{Heap after GC invocations=6 (full 0):
 garbage-first heap   total 312320K, used 15593K [0x0000000702200000, 0x0000000800000000)
  region size 1024K, 7 young (7168K), 7 survivors (7168K)
 Metaspace       used 34692K, capacity 35690K, committed 35840K, reserved 1081344K
  class space    used 4138K, capacity 4511K, committed 4608K, reserved 1048576K
}
Event: 4.844 GC heap before
{Heap before GC invocations=7 (full 0):
 garbage-first heap   total 312320K, used 182505K [0x0000000702200000, 0x0000000800000000)
  region size 1024K, 169 young (173056K), 7 survivors (7168K)
 Metaspace       used 50223K, capacity 51956K, committed 52224K, reserved 1095680K
  class space    used 6181K, capacity 6859K, committed 6912K, reserved 1048576K
}
Event: 4.861 GC heap after
{Heap after GC invocations=8 (full 0):
 garbage-first heap   total 312320K, used 36419K [0x0000000702200000, 0x0000000800000000)
  region size 1024K, 22 young (22528K), 22 survivors (22528K)
 Metaspace       used 50223K, capacity 51956K, committed 52224K, reserved 1095680K
  class space    used 6181K, capacity 6859K, committed 6912K, reserved 1048576K
}

Deoptimization events (10 events):
Event: 4.947 Thread 0x000002002fdfa800 Uncommon trap: reason=profile_predicate action=maybe_recompile pc=0x0000020041635004 method=java.lang.Class.searchMethods([Ljava/lang/reflect/Method;Ljava/lang/String;[Ljava/lang/Class;)Ljava/lang/reflect/Method; @ 22 c2
Event: 4.947 Thread 0x000002002fdfa800 Uncommon trap: reason=profile_predicate action=maybe_recompile pc=0x0000020041635004 method=java.lang.Class.searchMethods([Ljava/lang/reflect/Method;Ljava/lang/String;[Ljava/lang/Class;)Ljava/lang/reflect/Method; @ 22 c2
Event: 4.947 Thread 0x000002002fdfa800 Uncommon trap: reason=profile_predicate action=maybe_recompile pc=0x0000020041635004 method=java.lang.Class.searchMethods([Ljava/lang/reflect/Method;Ljava/lang/String;[Ljava/lang/Class;)Ljava/lang/reflect/Method; @ 22 c2
Event: 4.947 Thread 0x000002002fdfa800 Uncommon trap: reason=profile_predicate action=maybe_recompile pc=0x0000020041635004 method=java.lang.Class.searchMethods([Ljava/lang/reflect/Method;Ljava/lang/String;[Ljava/lang/Class;)Ljava/lang/reflect/Method; @ 22 c2
Event: 5.068 Thread 0x000002002fdfa800 Uncommon trap: reason=unstable_if action=reinterpret pc=0x0000020041615bb4 method=org.springframework.beans.factory.support.AbstractBeanFactory.isTypeMatch(Ljava/lang/String;Lorg/springframework/core/ResolvableType;Z)Z @ 34 c2
Event: 5.119 Thread 0x000002002fdfa800 Uncommon trap: reason=class_check action=make_not_entrant pc=0x000002004167ede8 method=java.util.ArrayList.toArray([Ljava/lang/Object;)[Ljava/lang/Object; @ 21 c2
Event: 5.215 Thread 0x000002002fdfa800 Uncommon trap: reason=unstable_if action=reinterpret pc=0x0000020041671f80 method=org.springframework.core.annotation.AnnotationsScanner.isKnownEmpty(Ljava/lang/reflect/AnnotatedElement;Lorg/springframework/core/annotation/MergedAnnotations$SearchStrategy
Event: 5.247 Thread 0x000002002fdfa800 Uncommon trap: reason=unstable_if action=reinterpret pc=0x0000020041661338 method=sun.util.calendar.ZoneInfo.getOffsets(J[II)I @ 4 c2
Event: 5.247 Thread 0x000002002fdfa800 Uncommon trap: reason=unstable_if action=reinterpret pc=0x000002004166b840 method=java.util.GregorianCalendar.computeFields(II)I @ 447 c2
Event: 5.248 Thread 0x000002002fdfa800 Uncommon trap: reason=unstable_if action=reinterpret pc=0x000002004163c760 method=java.util.Calendar.isFieldSet(II)Z @ 5 c2

Classes redefined (0 events):
No events

Internal exceptions (10 events):
Event: 5.267 Thread 0x000002002fdfa800 Exception <a 'java/lang/ClassNotFoundException'{0x000000070e0b8c50}: org/springframework/context/EmbeddedValueResolverAwareCustomizer> (0x000000070e0b8c50) thrown at [t:/workspace/open/src/hotspot/share/classfile/systemDictionary.cpp, line 231]
Event: 5.267 Thread 0x000002002fdfa800 Exception <a 'java/lang/ClassNotFoundException'{0x000000070e0d00c0}: org/springframework/beans/factory/AwareCustomizer> (0x000000070e0d00c0) thrown at [t:/workspace/open/src/hotspot/share/classfile/systemDictionary.cpp, line 231]
Event: 5.267 Thread 0x000002002fdfa800 Exception <a 'java/lang/ClassNotFoundException'{0x000000070e0e95e0}: org/springframework/beans/factory/InitializingBeanCustomizer> (0x000000070e0e95e0) thrown at [t:/workspace/open/src/hotspot/share/classfile/systemDictionary.cpp, line 231]
Event: 5.268 Thread 0x000002002fdfa800 Exception <a 'java/lang/ClassNotFoundException'{0x000000070df02370}: org/springframework/web/reactive/HandlerMappingCustomizer> (0x000000070df02370) thrown at [t:/workspace/open/src/hotspot/share/classfile/systemDictionary.cpp, line 231]
Event: 5.268 Thread 0x000002002fdfa800 Exception <a 'java/lang/ClassNotFoundException'{0x000000070df17fb0}: org/springframework/core/OrderedCustomizer> (0x000000070df17fb0) thrown at [t:/workspace/open/src/hotspot/share/classfile/systemDictionary.cpp, line 231]
Event: 5.268 Thread 0x000002002fdfa800 Exception <a 'java/lang/ClassNotFoundException'{0x000000070df30ce8}: org/springframework/beans/factory/BeanNameAwareCustomizer> (0x000000070df30ce8) thrown at [t:/workspace/open/src/hotspot/share/classfile/systemDictionary.cpp, line 231]
Event: 5.269 Thread 0x000002002fdfa800 Exception <a 'java/lang/ClassNotFoundException'{0x000000070df480c8}: org/springframework/beans/factory/AwareCustomizer> (0x000000070df480c8) thrown at [t:/workspace/open/src/hotspot/share/classfile/systemDictionary.cpp, line 231]
Event: 5.269 Thread 0x000002002fdfa800 Exception <a 'java/lang/ClassNotFoundException'{0x000000070df616d8}: org/springframework/context/ApplicationContextAwareCustomizer> (0x000000070df616d8) thrown at [t:/workspace/open/src/hotspot/share/classfile/systemDictionary.cpp, line 231]
Event: 5.270 Thread 0x000002002fdfa800 Exception <a 'java/lang/ClassNotFoundException'{0x000000070df79030}: org/springframework/beans/factory/AwareCustomizer> (0x000000070df79030) thrown at [t:/workspace/open/src/hotspot/share/classfile/systemDictionary.cpp, line 231]
Event: 5.275 Thread 0x000002002fdfa800 Exception <a 'java/lang/ClassNotFoundException'{0x000000070dfe3a08}: java/lang/ObjectCustomizer> (0x000000070dfe3a08) thrown at [t:/workspace/open/src/hotspot/share/classfile/systemDictionary.cpp, line 231]

Events (10 events):
Event: 5.274 loading class kotlinx/coroutines/reactor$MonoKt
Event: 5.274 loading class kotlinx/coroutines/reactor$MonoKt done
Event: 5.275 loading class java/lang/ObjectCustomizer
Event: 5.275 loading class java/lang/ObjectCustomizer done
Event: 5.275 loading class java/lang/ObjectCustomizer
Event: 5.275 loading class java/lang/ObjectCustomizer done
Event: 5.276 loading class org/springframework/core/ReactiveAdapterRegistryCustomizer
Event: 5.276 loading class org/springframework/core/ReactiveAdapterRegistryCustomizer done
Event: 5.276 loading class org/springframework/core/ReactiveAdapterRegistryCustomizer
Event: 5.276 loading class org/springframework/core/ReactiveAdapterRegistryCustomizer done


Dynamic libraries:
0x00007ff6e00f0000 - 0x00007ff6e0137000 	C:\Program Files\Java\jdk-11.0.6\bin\java.exe
0x00007ffe88740000 - 0x00007ffe88930000 	C:\WINDOWS\SYSTEM32\ntdll.dll
0x00007ffe587a0000 - 0x00007ffe587b2000 	C:\Program Files\AVAST Software\Avast\aswhook.dll
0x00007ffe88010000 - 0x00007ffe880c2000 	C:\WINDOWS\System32\KERNEL32.DLL
0x00007ffe85810000 - 0x00007ffe85ab5000 	C:\WINDOWS\System32\KERNELBASE.dll
0x00007ffe88340000 - 0x00007ffe883e3000 	C:\WINDOWS\System32\ADVAPI32.dll
0x00007ffe87bf0000 - 0x00007ffe87c8e000 	C:\WINDOWS\System32\msvcrt.dll
0x00007ffe88590000 - 0x00007ffe88627000 	C:\WINDOWS\System32\sechost.dll
0x00007ffe881f0000 - 0x00007ffe88310000 	C:\WINDOWS\System32\RPCRT4.dll
0x00007ffe883f0000 - 0x00007ffe88585000 	C:\WINDOWS\System32\USER32.dll
0x00007ffe85dd0000 - 0x00007ffe85df1000 	C:\WINDOWS\System32\win32u.dll
0x00007ffe88310000 - 0x00007ffe88336000 	C:\WINDOWS\System32\GDI32.dll
0x00007ffe85e00000 - 0x00007ffe85f96000 	C:\WINDOWS\System32\gdi32full.dll
0x00007ffe85d10000 - 0x00007ffe85dae000 	C:\WINDOWS\System32\msvcp_win.dll
0x00007ffe85c10000 - 0x00007ffe85d0a000 	C:\WINDOWS\System32\ucrtbase.dll
0x00007ffe69e60000 - 0x00007ffe6a0e4000 	C:\WINDOWS\WinSxS\amd64_microsoft.windows.common-controls_6595b64144ccf1df_6.0.18362.1082_none_9e8193e1e45b25c1\COMCTL32.dll
0x00007ffe87cc0000 - 0x00007ffe87ff5000 	C:\WINDOWS\System32\combase.dll
0x00007ffe86770000 - 0x00007ffe867f0000 	C:\WINDOWS\System32\bcryptPrimitives.dll
0x00007ffe7f1d0000 - 0x00007ffe7f1da000 	C:\WINDOWS\SYSTEM32\VERSION.dll
0x00007ffe87c90000 - 0x00007ffe87cbe000 	C:\WINDOWS\System32\IMM32.DLL
0x00007ffe5e190000 - 0x00007ffe5e1a6000 	C:\Program Files\Java\jdk-11.0.6\bin\vcruntime140.dll
0x00007ffe4a940000 - 0x00007ffe4a9ea000 	C:\Program Files\Java\jdk-11.0.6\bin\msvcp140.dll
0x00007ffe43940000 - 0x00007ffe44469000 	C:\Program Files\Java\jdk-11.0.6\bin\server\jvm.dll
0x00007ffe88000000 - 0x00007ffe88008000 	C:\WINDOWS\System32\PSAPI.DLL
0x00007ffe74e50000 - 0x00007ffe74e59000 	C:\WINDOWS\SYSTEM32\WSOCK32.dll
0x00007ffe880d0000 - 0x00007ffe8813f000 	C:\WINDOWS\System32\WS2_32.dll
0x00007ffe831b0000 - 0x00007ffe831d4000 	C:\WINDOWS\SYSTEM32\WINMM.dll
0x00007ffe83050000 - 0x00007ffe8307d000 	C:\WINDOWS\SYSTEM32\WINMMBASE.dll
0x00007ffe86720000 - 0x00007ffe8676a000 	C:\WINDOWS\System32\cfgmgr32.dll
0x00007ffe85610000 - 0x00007ffe85621000 	C:\WINDOWS\System32\kernel.appcore.dll
0x00007ffe5dee0000 - 0x00007ffe5def1000 	C:\Program Files\Java\jdk-11.0.6\bin\verify.dll
0x00007ffe83ff0000 - 0x00007ffe841e4000 	C:\WINDOWS\SYSTEM32\DBGHELP.DLL
0x00007ffe7bc50000 - 0x00007ffe7bc7a000 	C:\WINDOWS\SYSTEM32\dbgcore.DLL
0x00007ffe57cb0000 - 0x00007ffe57cd9000 	C:\Program Files\Java\jdk-11.0.6\bin\java.dll
0x00007ffe5b320000 - 0x00007ffe5b336000 	C:\Program Files\Java\jdk-11.0.6\bin\zip.dll
0x00007ffe6a2e0000 - 0x00007ffe6a2ea000 	C:\Program Files\Java\jdk-11.0.6\bin\jimage.dll
0x00007ffe86850000 - 0x00007ffe86f37000 	C:\WINDOWS\System32\SHELL32.dll
0x00007ffe874b0000 - 0x00007ffe87559000 	C:\WINDOWS\System32\shcore.dll
0x00007ffe85fa0000 - 0x00007ffe86720000 	C:\WINDOWS\System32\windows.storage.dll
0x00007ffe85650000 - 0x00007ffe85673000 	C:\WINDOWS\System32\profapi.dll
0x00007ffe85680000 - 0x00007ffe856ca000 	C:\WINDOWS\System32\powrprof.dll
0x00007ffe85600000 - 0x00007ffe85610000 	C:\WINDOWS\System32\UMPDC.dll
0x00007ffe87050000 - 0x00007ffe870a2000 	C:\WINDOWS\System32\shlwapi.dll
0x00007ffe85db0000 - 0x00007ffe85dc7000 	C:\WINDOWS\System32\cryptsp.dll
0x00007ffe57c40000 - 0x00007ffe57c59000 	C:\Program Files\Java\jdk-11.0.6\bin\net.dll
0x00007ffe7a790000 - 0x00007ffe7a880000 	C:\WINDOWS\SYSTEM32\WINHTTP.dll
0x00007ffe84e50000 - 0x00007ffe84eb7000 	C:\WINDOWS\system32\mswsock.dll
0x00007ffe57340000 - 0x00007ffe57353000 	C:\Program Files\Java\jdk-11.0.6\bin\nio.dll
0x00007ffe69270000 - 0x00007ffe69279000 	C:\Program Files\Java\jdk-11.0.6\bin\management.dll
0x00007ffe670f0000 - 0x00007ffe670fc000 	C:\Program Files\Java\jdk-11.0.6\bin\management_ext.dll
0x00007ffe66db0000 - 0x00007ffe66dc6000 	C:\WINDOWS\system32\napinsp.dll
0x00007ffe66c80000 - 0x00007ffe66c9a000 	C:\WINDOWS\system32\pnrpnsp.dll
0x00007ffe84ba0000 - 0x00007ffe84c6b000 	C:\WINDOWS\SYSTEM32\DNSAPI.dll
0x00007ffe86f40000 - 0x00007ffe86f48000 	C:\WINDOWS\System32\NSI.dll
0x00007ffe84b60000 - 0x00007ffe84b9a000 	C:\WINDOWS\SYSTEM32\IPHLPAPI.DLL
0x00007ffe66c70000 - 0x00007ffe66c7e000 	C:\WINDOWS\System32\winrnr.dll
0x00007ffe81860000 - 0x00007ffe8187c000 	C:\WINDOWS\system32\NLAapi.dll
0x00007ffe80d80000 - 0x00007ffe80d95000 	C:\WINDOWS\system32\wshbth.dll
0x00007ffe79f90000 - 0x00007ffe79f9a000 	C:\Windows\System32\rasadhlp.dll
0x00007ffe7cc80000 - 0x00007ffe7ccf7000 	C:\WINDOWS\System32\fwpuclnt.dll
0x00007ffe85730000 - 0x00007ffe85756000 	C:\WINDOWS\System32\bcrypt.dll
0x00007ffe7d7a0000 - 0x00007ffe7d7b6000 	C:\WINDOWS\SYSTEM32\dhcpcsvc6.DLL
0x00007ffe7d780000 - 0x00007ffe7d79c000 	C:\WINDOWS\SYSTEM32\dhcpcsvc.DLL
0x00007ffe849c0000 - 0x00007ffe849f3000 	C:\WINDOWS\system32\rsaenh.dll
0x00007ffe85520000 - 0x00007ffe85545000 	C:\WINDOWS\SYSTEM32\USERENV.dll
0x00007ffe85020000 - 0x00007ffe8502c000 	C:\WINDOWS\SYSTEM32\CRYPTBASE.dll

dbghelp: loaded successfully - version: 4.0.5 - missing functions: none
symbol engine: initialized successfully - sym options: 0x614 - pdb path: .;C:\Program Files\Java\jdk-11.0.6\bin;C:\WINDOWS\SYSTEM32;C:\Program Files\AVAST Software\Avast;C:\WINDOWS\WinSxS\amd64_microsoft.windows.common-controls_6595b64144ccf1df_6.0.18362.1082_none_9e8193e1e45b25c1;C:\Program Files\Java\jdk-11.0.6\bin\server

VM Arguments:
java_command: C:\Users\ahmed\AppData\Local\Temp\surefire14441826590196395440\surefirebooter13854455773264990463.jar C:\Users\ahmed\AppData\Local\Temp\surefire14441826590196395440 2020-10-11T12-41-47_332-jvmRun1 surefire7751259300346151227tmp surefire_04569792847965663544tmp
java_class_path (initial): C:\Users\ahmed\AppData\Local\Temp\surefire14441826590196395440\surefirebooter13854455773264990463.jar
Launcher Type: SUN_STANDARD

[Global flags]
     intx CICompilerCount                          = 4                                         {product} {ergonomic}
     uint ConcGCThreads                            = 3                                         {product} {ergonomic}
     uint G1ConcRefinementThreads                  = 10                                        {product} {ergonomic}
   size_t G1HeapRegionSize                         = 1048576                                   {product} {ergonomic}
    uintx GCDrainStackTargetSize                   = 64                                        {product} {ergonomic}
   size_t InitialHeapSize                          = 266338304                                 {product} {ergonomic}
   size_t MarkStackSize                            = 4194304                                   {product} {ergonomic}
   size_t MaxHeapSize                              = 4259315712                                {product} {ergonomic}
   size_t MaxNewSize                               = 2555379712                                {product} {ergonomic}
   size_t MinHeapDeltaBytes                        = 1048576                                   {product} {ergonomic}
    uintx NonNMethodCodeHeapSize                   = 5836300                                {pd product} {ergonomic}
    uintx NonProfiledCodeHeapSize                  = 122910970                              {pd product} {ergonomic}
    uintx ProfiledCodeHeapSize                     = 122910970                              {pd product} {ergonomic}
    uintx ReservedCodeCacheSize                    = 251658240                              {pd product} {ergonomic}
     bool SegmentedCodeCache                       = true                                      {product} {ergonomic}
     bool UseCompressedClassPointers               = true                                 {lp64_product} {ergonomic}
     bool UseCompressedOops                        = true                                 {lp64_product} {ergonomic}
     bool UseG1GC                                  = true                                      {product} {ergonomic}
     bool UseLargePagesIndividualAllocation        = false                                  {pd product} {ergonomic}

Logging:
Log output configuration:
 #0: stdout all=warning uptime,level,tags
 #1: stderr all=off uptime,level,tags

Environment Variables:
JAVA_HOME=C:\Program Files\Java\jdk-11.0.6
PATH=C:/Program Files/Java/jdk-11.0.6/bin/server;C:/Program Files/Java/jdk-11.0.6/bin;C:\Program Files\Java\jdk-11.0.6\bin;C:\Program Files (x86)\Common Files\Oracle\Java\javapath;C:\Program Files\NVIDIA GPU Computing Toolkit\CUDA\v9.0\bin;C:\Program Files\NVIDIA GPU Computing Toolkit\CUDA\v9.0\libnvvp;C:\Program Files (x86)\Intel\Intel(R) Management Engine Components\iCLS\;C:\Program Files\Intel\Intel(R) Management Engine Components\iCLS\;C:\Windows\system32;C:\Windows;C:\Windows\System32\Wbem;C:\Windows\System32\WindowsPowerShell\v1.0\;C:\Program Files (x86)\Intel\Intel(R) Management Engine Components\DAL;C:\Program Files\Intel\Intel(R) Management Engine Components\DAL;C:\Program Files (x86)\Intel\Intel(R) Management Engine Components\IPT;C:\Program Files\Intel\Intel(R) Management Engine Components\IPT;C:\Program Files (x86)\NVIDIA Corporation\PhysX\Common;C:\Program Files\Intel\WiFi\bin\;C:\Program Files\Common Files\Intel\WirelessCommon\;C:\Users\ahmed\Anaconda3;C:\Program Files\Microsoft VS Code\bin;C:\Program Files\NVIDIA GPU Computing Toolkit\CUDA\v9.0\lib\x64;C:\Program Files\NVIDIA GPU Computing Toolkit\CUDA\v9.0\extras\CUPTI\libx64;C:\Program Files\MongoDB\Server\4.0\bin;C:\WINDOWS\system32;C:\WINDOWS;C:\WINDOWS\System32\Wbem;C:\WINDOWS\System32\WindowsPowerShell\v1.0\;C:\WINDOWS\System32\OpenSSH\;C:\Tools\zookeeper-3.4.12\bin;C:\Program Files\Git\cmd;C:\Program Files\Java\jdk1.8.0_181\bin;C:\opt\apache-maven-3.6.1\bin;C:\Go\bin;C:\Users\ahmed\OneDrive\Desktop\task g\grails-4.1.0.M1\grails-4.1.0.M1\bin;C:\Users\ahmed\OneDrive\Desktop\grails-4.0.3\bin;C:\Program Files\nodejs\;C:\Users\ahmed\Anaconda3;C:\Users\ahmed\Anaconda3\Library\mingw-w64\bin;C:\Users\ahmed\Anaconda3\Library\usr\bin;C:\Users\ahmed\Anaconda3\Library\bin;C:\Users\ahmed\Anaconda3\Scripts;C:\Users\ahmed\AppData\Local\Programs\Python\Python37\Scripts\;C:\Users\ahmed\AppData\Local\Programs\Python\Python37\;C:\Users\ahmed\AppData\Local\Microsoft\WindowsApps;C:\Program Files\NVIDIA GPU Computing T
USERNAME=ahmed
OS=Windows_NT
PROCESSOR_IDENTIFIER=Intel64 Family 6 Model 158 Stepping 10, GenuineIntel



---------------  S Y S T E M  ---------------

OS: Windows 10 , 64 bit Build 18362 (10.0.18362.1082)

CPU:total 12 (initial active 12) (6 cores per cpu, 2 threads per core) family 6 model 158 stepping 10, cmov, cx8, fxsr, mmx, sse, sse2, sse3, ssse3, sse4.1, sse4.2, popcnt, avx, avx2, aes, clmul, erms, 3dnowpref, lzcnt, ht, tsc, tscinvbit, bmi1, bmi2, adx, fma

Memory: 4k page, system-wide physical 16245M (1797M free)
TotalPageFile size 28533M (AvailPageFile size 16M)
current process WorkingSet (physical memory assigned to process): 386M, peak: 397M
current process commit charge ("private bytes"): 542M, peak: 545M

vm_info: Java HotSpot(TM) 64-Bit Server VM (11.0.6+8-LTS) for windows-amd64 JRE (11.0.6+8-LTS), built on Dec 11 2019 09:17:57 by "mach5one" with MS VC++ 15.5 (VS2017)

END.
