#
# There is insufficient memory for the Java Runtime Environment to continue.
# Native memory allocation (malloc) failed to allocate 720176 bytes for Chunk::new
# Possible reasons:
#   The system is out of physical RAM or swap space
#   The process is running with CompressedOops enabled, and the Java Heap may be blocking the growth of the native heap
# Possible solutions:
#   Reduce memory load on the system
#   Increase physical memory or swap space
#   Check if swap backing store is full
#   Decrease Java heap size (-Xmx/-Xms)
#   Decrease number of Java threads
#   Decrease Java thread stack sizes (-Xss)
#   Set larger code cache with -XX:ReservedCodeCacheSize=
#   JVM is running with Zero Based Compressed Oops mode in which the Java heap is
#     placed in the first 32GB address space. The Java Heap base address is the
#     maximum limit for the native heap growth. Please use -XX:HeapBaseMinAddress
#     to set the Java Heap base and to place the Java Heap above 32GB virtual address.
# This output file may be truncated or incomplete.
#
#  Out of Memory Error (t:/workspace/open/src/hotspot/share/memory/arena.cpp:197), pid=27592, tid=23712
#
# JRE version: Java(TM) SE Runtime Environment (11.0.6+8) (build 11.0.6+8-LTS)
# Java VM: Java HotSpot(TM) 64-Bit Server VM (11.0.6+8-LTS, mixed mode, tiered, compressed oops, g1 gc, windows-amd64)
# No core dump will be written. Minidumps are not enabled by default on client versions of Windows
#

---------------  S U M M A R Y ------------

Command Line: C:\Users\ahmed\AppData\Local\Temp\surefire10435291168020947981\surefirebooter15815353756176862100.jar C:\Users\ahmed\AppData\Local\Temp\surefire10435291168020947981 2020-10-11T12-44-52_329-jvmRun1 surefire15506435373727420042tmp surefire_07047339211473476927tmp

Host: Intel(R) Core(TM) i7-8750H CPU @ 2.20GHz, 12 cores, 15G,  Windows 10 , 64 bit Build 18362 (10.0.18362.1082)
Time: Sun Oct 11 12:44:57 2020 Arabian Standard Time elapsed time: 4 seconds (0d 0h 0m 4s)

---------------  T H R E A D  ---------------

Current thread (0x000001942d6ea000):  JavaThread "C2 CompilerThread2" daemon [_thread_in_native, id=23712, stack(0x0000007130e00000,0x0000007130f00000)]


Current CompileTask:
C2:   4827 4023       4       sun.net.util.URLUtil::urlNoFragString (114 bytes)

Stack: [0x0000007130e00000,0x0000007130f00000]
Native frames: (J=compiled Java code, j=interpreted, Vv=VM code, C=native code)
V  [jvm.dll+0x63679a]
V  [jvm.dll+0x7755bf]
V  [jvm.dll+0x776c65]
V  [jvm.dll+0x7772d3]
V  [jvm.dll+0x25e7f8]
V  [jvm.dll+0xc1c01]
V  [jvm.dll+0xc219c]
V  [jvm.dll+0x36d977]
V  [jvm.dll+0x33a7b3]
V  [jvm.dll+0x339b8a]
V  [jvm.dll+0x218355]
V  [jvm.dll+0x2174fa]
V  [jvm.dll+0x193a2c]
V  [jvm.dll+0x226544]
V  [jvm.dll+0x224b28]
V  [jvm.dll+0x73a9c5]
V  [jvm.dll+0x733905]
V  [jvm.dll+0x635846]
C  [ucrtbase.dll+0x20e82]
C  [KERNEL32.DLL+0x17bd4]
C  [ntdll.dll+0x6ce51]


---------------  P R O C E S S  ---------------

Threads class SMR info:
_java_thread_list=0x0000019429f40310, length=45, elements={
0x000001940347a800, 0x00000194271cf000, 0x0000019427a82000, 0x0000019427ae3800,
0x0000019427ae4800, 0x0000019427ae6800, 0x0000019427aea000, 0x0000019427aeb800,
0x0000019427c5e800, 0x0000019427c62000, 0x0000019427d52800, 0x0000019427f77800,
0x00000194281b4000, 0x000001942c75e800, 0x000001942a0bf800, 0x0000019428c52800,
0x000001942a34a800, 0x000001942a4a3800, 0x000001942a3d9800, 0x000001942d3a3000,
0x000001942a4c6800, 0x000001942a4c6000, 0x000001942a4c7800, 0x000001942a4c8800,
0x000001942c87b800, 0x000001942d6ea000, 0x000001942a4c5000, 0x000001942a4c9000,
0x000001942a4ca000, 0x000001942a4c4800, 0x000001942a4cb000, 0x000001942ddf8800,
0x000001942ddf7800, 0x000001942ddf4800, 0x000001942ddfb000, 0x000001942ddf5000,
0x000001942ddfb800, 0x000001942ddfa000, 0x000001942ddf6000, 0x000001942ddfc800,
0x000001942ddf9800, 0x000001942ddf7000, 0x000001942de01800, 0x000001942de00800,
0x000001942de00000
}

Java Threads: ( => current thread )
  0x000001940347a800 JavaThread "main" [_thread_blocked, id=23104, stack(0x000000712e600000,0x000000712e700000)]
  0x00000194271cf000 JavaThread "Reference Handler" daemon [_thread_blocked, id=29484, stack(0x000000712ed00000,0x000000712ee00000)]
  0x0000019427a82000 JavaThread "Finalizer" daemon [_thread_blocked, id=1548, stack(0x000000712ee00000,0x000000712ef00000)]
  0x0000019427ae3800 JavaThread "Signal Dispatcher" daemon [_thread_blocked, id=15224, stack(0x000000712ef00000,0x000000712f000000)]
  0x0000019427ae4800 JavaThread "Attach Listener" daemon [_thread_blocked, id=23376, stack(0x000000712f000000,0x000000712f100000)]
  0x0000019427ae6800 JavaThread "C2 CompilerThread0" daemon [_thread_in_native, id=14468, stack(0x000000712f100000,0x000000712f200000)]
  0x0000019427aea000 JavaThread "C1 CompilerThread0" daemon [_thread_in_vm, id=26380, stack(0x000000712f200000,0x000000712f300000)]
  0x0000019427aeb800 JavaThread "Sweeper thread" daemon [_thread_blocked, id=1976, stack(0x000000712f300000,0x000000712f400000)]
  0x0000019427c5e800 JavaThread "Service Thread" daemon [_thread_blocked, id=15700, stack(0x000000712f400000,0x000000712f500000)]
  0x0000019427c62000 JavaThread "Common-Cleaner" daemon [_thread_blocked, id=19136, stack(0x000000712f600000,0x000000712f700000)]
  0x0000019427d52800 JavaThread "surefire-forkedjvm-command-thread" daemon [_thread_in_native, id=2640, stack(0x000000712f700000,0x000000712f800000)]
  0x0000019427f77800 JavaThread "surefire-forkedjvm-ping-30s" daemon [_thread_blocked, id=26388, stack(0x000000712f800000,0x000000712f900000)]
  0x00000194281b4000 JavaThread "reactor-http-nio-1" daemon [_thread_in_native, id=20464, stack(0x000000712f900000,0x000000712fa00000)]
  0x000001942c75e800 JavaThread "reactor-http-nio-2" daemon [_thread_in_native, id=22808, stack(0x000000712fa00000,0x000000712fb00000)]
  0x000001942a0bf800 JavaThread "reactor-http-nio-3" daemon [_thread_in_native, id=1448, stack(0x0000007130200000,0x0000007130300000)]
  0x0000019428c52800 JavaThread "reactor-http-nio-4" daemon [_thread_in_native, id=22368, stack(0x0000007130300000,0x0000007130400000)]
  0x000001942a34a800 JavaThread "reactor-http-nio-5" daemon [_thread_in_native, id=11672, stack(0x0000007130400000,0x0000007130500000)]
  0x000001942a4a3800 JavaThread "reactor-http-nio-6" daemon [_thread_in_native, id=22160, stack(0x0000007130500000,0x0000007130600000)]
  0x000001942a3d9800 JavaThread "reactor-http-nio-7" daemon [_thread_in_native, id=28924, stack(0x0000007130600000,0x0000007130700000)]
  0x000001942d3a3000 JavaThread "reactor-http-nio-8" daemon [_thread_in_native, id=10660, stack(0x0000007130700000,0x0000007130800000)]
  0x000001942a4c6800 JavaThread "reactor-http-nio-9" daemon [_thread_in_native, id=4428, stack(0x0000007130800000,0x0000007130900000)]
  0x000001942a4c6000 JavaThread "reactor-http-nio-10" daemon [_thread_in_native, id=13976, stack(0x0000007130900000,0x0000007130a00000)]
  0x000001942a4c7800 JavaThread "reactor-http-nio-11" daemon [_thread_in_native, id=28804, stack(0x0000007130a00000,0x0000007130b00000)]
  0x000001942a4c8800 JavaThread "reactor-http-nio-12" daemon [_thread_in_native, id=27340, stack(0x0000007130b00000,0x0000007130c00000)]
  0x000001942c87b800 JavaThread "C2 CompilerThread1" daemon [_thread_in_native, id=29444, stack(0x0000007130d00000,0x0000007130e00000)]
=>0x000001942d6ea000 JavaThread "C2 CompilerThread2" daemon [_thread_in_native, id=23712, stack(0x0000007130e00000,0x0000007130f00000)]
  0x000001942a4c5000 JavaThread "ClassGraph-worker-0" daemon [_thread_in_native, id=10668, stack(0x0000007130f00000,0x0000007131000000)]
  0x000001942a4c9000 JavaThread "ClassGraph-worker-1" daemon [_thread_in_Java, id=16084, stack(0x0000007131000000,0x0000007131100000)]
  0x000001942a4ca000 JavaThread "ClassGraph-worker-2" daemon [_thread_blocked, id=10508, stack(0x0000007131100000,0x0000007131200000)]
  0x000001942a4c4800 JavaThread "ClassGraph-worker-3" daemon [_thread_in_Java, id=14776, stack(0x0000007131200000,0x0000007131300000)]
  0x000001942a4cb000 JavaThread "ClassGraph-worker-4" daemon [_thread_in_native, id=29396, stack(0x0000007131300000,0x0000007131400000)]
  0x000001942ddf8800 JavaThread "ClassGraph-worker-5" daemon [_thread_in_native, id=17304, stack(0x0000007131400000,0x0000007131500000)]
  0x000001942ddf7800 JavaThread "ClassGraph-worker-6" daemon [_thread_in_Java, id=17676, stack(0x0000007131500000,0x0000007131600000)]
  0x000001942ddf4800 JavaThread "ClassGraph-worker-7" daemon [_thread_in_native, id=544, stack(0x0000007131600000,0x0000007131700000)]
  0x000001942ddfb000 JavaThread "ClassGraph-worker-8" daemon [_thread_blocked, id=13360, stack(0x0000007131700000,0x0000007131800000)]
  0x000001942ddf5000 JavaThread "ClassGraph-worker-9" daemon [_thread_blocked, id=27840, stack(0x0000007131800000,0x0000007131900000)]
  0x000001942ddfb800 JavaThread "ClassGraph-worker-10" daemon [_thread_blocked, id=8232, stack(0x0000007131900000,0x0000007131a00000)]
  0x000001942ddfa000 JavaThread "ClassGraph-worker-11" daemon [_thread_in_Java, id=4804, stack(0x0000007131a00000,0x0000007131b00000)]
  0x000001942ddf6000 JavaThread "ClassGraph-worker-12" daemon [_thread_in_Java, id=6568, stack(0x0000007131b00000,0x0000007131c00000)]
  0x000001942ddfc800 JavaThread "ClassGraph-worker-13" daemon [_thread_in_vm, id=2148, stack(0x0000007131c00000,0x0000007131d00000)]
  0x000001942ddf9800 JavaThread "ClassGraph-worker-14" daemon [_thread_blocked, id=25592, stack(0x0000007131d00000,0x0000007131e00000)]
  0x000001942ddf7000 JavaThread "ClassGraph-worker-15" daemon [_thread_in_native, id=24260, stack(0x0000007131e00000,0x0000007131f00000)]
  0x000001942de01800 JavaThread "ClassGraph-worker-16" daemon [_thread_in_vm, id=19124, stack(0x0000007131f00000,0x0000007132000000)]
  0x000001942de00800 JavaThread "ClassGraph-worker-17" daemon [_thread_in_native, id=16852, stack(0x0000007132000000,0x0000007132100000)]
  0x000001942de00000 JavaThread "ClassGraph-worker-18" daemon [_thread_in_native, id=27724, stack(0x0000007132100000,0x0000007132200000)]

Other Threads:
  0x00000194271cb000 VMThread "VM Thread" [stack: 0x000000712ec00000,0x000000712ed00000] [id=26348]
  0x0000019427c61800 WatcherThread [stack: 0x000000712f500000,0x000000712f600000] [id=18180]
  0x0000019403494000 GCTaskThread "GC Thread#0" [stack: 0x000000712e700000,0x000000712e800000] [id=29156]
  0x0000019428924000 GCTaskThread "GC Thread#1" [stack: 0x000000712fb00000,0x000000712fc00000] [id=10464]
  0x0000019428dbf000 GCTaskThread "GC Thread#2" [stack: 0x000000712fc00000,0x000000712fd00000] [id=22108]
  0x0000019429354000 GCTaskThread "GC Thread#3" [stack: 0x000000712fd00000,0x000000712fe00000] [id=22144]
  0x000001942904b800 GCTaskThread "GC Thread#4" [stack: 0x000000712fe00000,0x000000712ff00000] [id=16452]
  0x00000194285dc800 GCTaskThread "GC Thread#5" [stack: 0x000000712ff00000,0x0000007130000000] [id=25164]
  0x00000194034f2000 ConcurrentGCThread "G1 Main Marker" [stack: 0x000000712e800000,0x000000712e900000] [id=24768]
  0x00000194034f3800 ConcurrentGCThread "G1 Conc#0" [stack: 0x000000712e900000,0x000000712ea00000] [id=29260]
  0x0000019429428000 ConcurrentGCThread "G1 Conc#1" [stack: 0x0000007130000000,0x0000007130100000] [id=2264]
  0x0000019428bca000 ConcurrentGCThread "G1 Conc#2" [stack: 0x0000007130100000,0x0000007130200000] [id=20844]
  0x00000194270ad800 ConcurrentGCThread "G1 Refine#0" [stack: 0x000000712ea00000,0x000000712eb00000] [id=14928]
  0x00000194270af000 ConcurrentGCThread "G1 Young RemSet Sampling" [stack: 0x000000712eb00000,0x000000712ec00000] [id=27556]

Threads with active compile tasks:
C2 CompilerThread04182       4       java.util.GregorianCalendar::computeFields (1571 bytes)
C1 CompilerThread04239 % !   3       io.github.classgraph.ClasspathElementZip::open @ 557 (1062 bytes)
C2 CompilerThread14005       4       org.springframework.core.annotation.TypeMappedAnnotations::get (52 bytes)
C2 CompilerThread24023       4       sun.net.util.URLUtil::urlNoFragString (114 bytes)

VM state:not at safepoint (normal execution)

VM Mutex/Monitor currently owned by a thread: None

Heap address: 0x0000000702200000, size: 4062 MB, Compressed Oops mode: Zero based, Oop shift amount: 3
Narrow klass base: 0x0000000800000000, Narrow klass shift: 0
Compressed class space size: 1073741824 Address: 0x0000000800000000

Heap:
 garbage-first heap   total 312320K, used 53281K [0x0000000702200000, 0x0000000800000000)
  region size 1024K, 44 young (45056K), 14 survivors (14336K)
 Metaspace       used 50175K, capacity 51867K, committed 51968K, reserved 1093632K
  class space    used 6177K, capacity 6855K, committed 6912K, reserved 1048576K
Heap Regions: E=young(eden), S=young(survivor), O=old, HS=humongous(starts), HC=humongous(continues), CS=collection set, F=free, A=archive, TAMS=top-at-mark-start (previous, next)
|   0|0x0000000702200000, 0x0000000702300000, 0x0000000702300000|100%|HS|  |TAMS 0x0000000702300000, 0x0000000702200000| Complete 
|   1|0x0000000702300000, 0x0000000702400000, 0x0000000702400000|100%| O|  |TAMS 0x0000000702400000, 0x0000000702300000| Untracked 
|   2|0x0000000702400000, 0x0000000702500000, 0x0000000702500000|100%| O|  |TAMS 0x0000000702500000, 0x0000000702400000| Untracked 
|   3|0x0000000702500000, 0x0000000702600000, 0x0000000702600000|100%| O|  |TAMS 0x0000000702600000, 0x0000000702500000| Untracked 
|   4|0x0000000702600000, 0x0000000702700000, 0x0000000702700000|100%| O|  |TAMS 0x0000000702700000, 0x0000000702600000| Untracked 
|   5|0x0000000702700000, 0x0000000702800000, 0x0000000702800000|100%| O|  |TAMS 0x0000000702800000, 0x0000000702700000| Untracked 
|   6|0x0000000702800000, 0x0000000702900000, 0x0000000702900000|100%| O|  |TAMS 0x0000000702900000, 0x0000000702800000| Untracked 
|   7|0x0000000702900000, 0x0000000702a00000, 0x0000000702a00000|100%| O|  |TAMS 0x0000000702a00000, 0x0000000702900000| Untracked 
|   8|0x0000000702a00000, 0x0000000702a08600, 0x0000000702b00000|  3%| O|  |TAMS 0x0000000702a08600, 0x0000000702a00000| Untracked 
|   9|0x0000000702b00000, 0x0000000702c00000, 0x0000000702c00000|100%|HS|  |TAMS 0x0000000702b00000, 0x0000000702b00000| Complete 
|  10|0x0000000702c00000, 0x0000000702c00000, 0x0000000702d00000|  0%| F|  |TAMS 0x0000000702c00000, 0x0000000702c00000| Untracked 
|  11|0x0000000702d00000, 0x0000000702d00000, 0x0000000702e00000|  0%| F|  |TAMS 0x0000000702d00000, 0x0000000702d00000| Untracked 
|  12|0x0000000702e00000, 0x0000000702e00000, 0x0000000702f00000|  0%| F|  |TAMS 0x0000000702e00000, 0x0000000702e00000| Untracked 
|  13|0x0000000702f00000, 0x0000000702f00000, 0x0000000703000000|  0%| F|  |TAMS 0x0000000702f00000, 0x0000000702f00000| Untracked 
|  14|0x0000000703000000, 0x0000000703000000, 0x0000000703100000|  0%| F|  |TAMS 0x0000000703000000, 0x0000000703000000| Untracked 
|  15|0x0000000703100000, 0x0000000703100000, 0x0000000703200000|  0%| F|  |TAMS 0x0000000703100000, 0x0000000703100000| Untracked 
|  16|0x0000000703200000, 0x0000000703200000, 0x0000000703300000|  0%| F|  |TAMS 0x0000000703200000, 0x0000000703200000| Untracked 
|  17|0x0000000703300000, 0x0000000703300000, 0x0000000703400000|  0%| F|  |TAMS 0x0000000703300000, 0x0000000703300000| Untracked 
|  18|0x0000000703400000, 0x0000000703400000, 0x0000000703500000|  0%| F|  |TAMS 0x0000000703400000, 0x0000000703400000| Untracked 
|  19|0x0000000703500000, 0x0000000703500000, 0x0000000703600000|  0%| F|  |TAMS 0x0000000703500000, 0x0000000703500000| Untracked 
|  20|0x0000000703600000, 0x0000000703600000, 0x0000000703700000|  0%| F|  |TAMS 0x0000000703600000, 0x0000000703600000| Untracked 
|  21|0x0000000703700000, 0x0000000703700000, 0x0000000703800000|  0%| F|  |TAMS 0x0000000703700000, 0x0000000703700000| Untracked 
|  22|0x0000000703800000, 0x0000000703800000, 0x0000000703900000|  0%| F|  |TAMS 0x0000000703800000, 0x0000000703800000| Untracked 
|  23|0x0000000703900000, 0x0000000703900000, 0x0000000703a00000|  0%| F|  |TAMS 0x0000000703900000, 0x0000000703900000| Untracked 
|  24|0x0000000703a00000, 0x0000000703a00000, 0x0000000703b00000|  0%| F|  |TAMS 0x0000000703a00000, 0x0000000703a00000| Untracked 
|  25|0x0000000703b00000, 0x0000000703b00000, 0x0000000703c00000|  0%| F|  |TAMS 0x0000000703b00000, 0x0000000703b00000| Untracked 
|  26|0x0000000703c00000, 0x0000000703c00000, 0x0000000703d00000|  0%| F|  |TAMS 0x0000000703c00000, 0x0000000703c00000| Untracked 
|  27|0x0000000703d00000, 0x0000000703d00000, 0x0000000703e00000|  0%| F|  |TAMS 0x0000000703d00000, 0x0000000703d00000| Untracked 
|  28|0x0000000703e00000, 0x0000000703e00000, 0x0000000703f00000|  0%| F|  |TAMS 0x0000000703e00000, 0x0000000703e00000| Untracked 
|  29|0x0000000703f00000, 0x0000000703f00000, 0x0000000704000000|  0%| F|  |TAMS 0x0000000703f00000, 0x0000000703f00000| Untracked 
|  30|0x0000000704000000, 0x0000000704000000, 0x0000000704100000|  0%| F|  |TAMS 0x0000000704000000, 0x0000000704000000| Untracked 
|  31|0x0000000704100000, 0x0000000704100000, 0x0000000704200000|  0%| F|  |TAMS 0x0000000704100000, 0x0000000704100000| Untracked 
|  32|0x0000000704200000, 0x0000000704200000, 0x0000000704300000|  0%| F|  |TAMS 0x0000000704200000, 0x0000000704200000| Untracked 
|  33|0x0000000704300000, 0x0000000704300000, 0x0000000704400000|  0%| F|  |TAMS 0x0000000704300000, 0x0000000704300000| Untracked 
|  34|0x0000000704400000, 0x0000000704400000, 0x0000000704500000|  0%| F|  |TAMS 0x0000000704400000, 0x0000000704400000| Untracked 
|  35|0x0000000704500000, 0x0000000704500000, 0x0000000704600000|  0%| F|  |TAMS 0x0000000704500000, 0x0000000704500000| Untracked 
|  36|0x0000000704600000, 0x0000000704600000, 0x0000000704700000|  0%| F|  |TAMS 0x0000000704600000, 0x0000000704600000| Untracked 
|  37|0x0000000704700000, 0x0000000704700000, 0x0000000704800000|  0%| F|  |TAMS 0x0000000704700000, 0x0000000704700000| Untracked 
|  38|0x0000000704800000, 0x0000000704800000, 0x0000000704900000|  0%| F|  |TAMS 0x0000000704800000, 0x0000000704800000| Untracked 
|  39|0x0000000704900000, 0x0000000704900000, 0x0000000704a00000|  0%| F|  |TAMS 0x0000000704900000, 0x0000000704900000| Untracked 
|  40|0x0000000704a00000, 0x0000000704a00000, 0x0000000704b00000|  0%| F|  |TAMS 0x0000000704a00000, 0x0000000704a00000| Untracked 
|  41|0x0000000704b00000, 0x0000000704b00000, 0x0000000704c00000|  0%| F|  |TAMS 0x0000000704b00000, 0x0000000704b00000| Untracked 
|  42|0x0000000704c00000, 0x0000000704c00000, 0x0000000704d00000|  0%| F|  |TAMS 0x0000000704c00000, 0x0000000704c00000| Untracked 
|  43|0x0000000704d00000, 0x0000000704d00000, 0x0000000704e00000|  0%| F|  |TAMS 0x0000000704d00000, 0x0000000704d00000| Untracked 
|  44|0x0000000704e00000, 0x0000000704e00000, 0x0000000704f00000|  0%| F|  |TAMS 0x0000000704e00000, 0x0000000704e00000| Untracked 
|  45|0x0000000704f00000, 0x0000000704f00000, 0x0000000705000000|  0%| F|  |TAMS 0x0000000704f00000, 0x0000000704f00000| Untracked 
|  46|0x0000000705000000, 0x0000000705000000, 0x0000000705100000|  0%| F|  |TAMS 0x0000000705000000, 0x0000000705000000| Untracked 
|  47|0x0000000705100000, 0x0000000705100000, 0x0000000705200000|  0%| F|  |TAMS 0x0000000705100000, 0x0000000705100000| Untracked 
|  48|0x0000000705200000, 0x0000000705200000, 0x0000000705300000|  0%| F|  |TAMS 0x0000000705200000, 0x0000000705200000| Untracked 
|  49|0x0000000705300000, 0x0000000705300000, 0x0000000705400000|  0%| F|  |TAMS 0x0000000705300000, 0x0000000705300000| Untracked 
|  50|0x0000000705400000, 0x0000000705400000, 0x0000000705500000|  0%| F|  |TAMS 0x0000000705400000, 0x0000000705400000| Untracked 
|  51|0x0000000705500000, 0x0000000705500000, 0x0000000705600000|  0%| F|  |TAMS 0x0000000705500000, 0x0000000705500000| Untracked 
|  52|0x0000000705600000, 0x0000000705600000, 0x0000000705700000|  0%| F|  |TAMS 0x0000000705600000, 0x0000000705600000| Untracked 
|  53|0x0000000705700000, 0x0000000705700000, 0x0000000705800000|  0%| F|  |TAMS 0x0000000705700000, 0x0000000705700000| Untracked 
|  54|0x0000000705800000, 0x0000000705800000, 0x0000000705900000|  0%| F|  |TAMS 0x0000000705800000, 0x0000000705800000| Untracked 
|  55|0x0000000705900000, 0x0000000705900000, 0x0000000705a00000|  0%| F|  |TAMS 0x0000000705900000, 0x0000000705900000| Untracked 
|  56|0x0000000705a00000, 0x0000000705a00000, 0x0000000705b00000|  0%| F|  |TAMS 0x0000000705a00000, 0x0000000705a00000| Untracked 
|  57|0x0000000705b00000, 0x0000000705b00000, 0x0000000705c00000|  0%| F|  |TAMS 0x0000000705b00000, 0x0000000705b00000| Untracked 
|  58|0x0000000705c00000, 0x0000000705c00000, 0x0000000705d00000|  0%| F|  |TAMS 0x0000000705c00000, 0x0000000705c00000| Untracked 
|  59|0x0000000705d00000, 0x0000000705d00000, 0x0000000705e00000|  0%| F|  |TAMS 0x0000000705d00000, 0x0000000705d00000| Untracked 
|  60|0x0000000705e00000, 0x0000000705e00000, 0x0000000705f00000|  0%| F|  |TAMS 0x0000000705e00000, 0x0000000705e00000| Untracked 
|  61|0x0000000705f00000, 0x0000000705f00000, 0x0000000706000000|  0%| F|  |TAMS 0x0000000705f00000, 0x0000000705f00000| Untracked 
|  62|0x0000000706000000, 0x0000000706000000, 0x0000000706100000|  0%| F|  |TAMS 0x0000000706000000, 0x0000000706000000| Untracked 
|  63|0x0000000706100000, 0x0000000706100000, 0x0000000706200000|  0%| F|  |TAMS 0x0000000706100000, 0x0000000706100000| Untracked 
|  64|0x0000000706200000, 0x0000000706200000, 0x0000000706300000|  0%| F|  |TAMS 0x0000000706200000, 0x0000000706200000| Untracked 
|  65|0x0000000706300000, 0x0000000706300000, 0x0000000706400000|  0%| F|  |TAMS 0x0000000706300000, 0x0000000706300000| Untracked 
|  66|0x0000000706400000, 0x0000000706400000, 0x0000000706500000|  0%| F|  |TAMS 0x0000000706400000, 0x0000000706400000| Untracked 
|  67|0x0000000706500000, 0x0000000706500000, 0x0000000706600000|  0%| F|  |TAMS 0x0000000706500000, 0x0000000706500000| Untracked 
|  68|0x0000000706600000, 0x0000000706600000, 0x0000000706700000|  0%| F|  |TAMS 0x0000000706600000, 0x0000000706600000| Untracked 
|  69|0x0000000706700000, 0x0000000706700000, 0x0000000706800000|  0%| F|  |TAMS 0x0000000706700000, 0x0000000706700000| Untracked 
|  70|0x0000000706800000, 0x0000000706800000, 0x0000000706900000|  0%| F|  |TAMS 0x0000000706800000, 0x0000000706800000| Untracked 
|  71|0x0000000706900000, 0x0000000706900000, 0x0000000706a00000|  0%| F|  |TAMS 0x0000000706900000, 0x0000000706900000| Untracked 
|  72|0x0000000706a00000, 0x0000000706a00000, 0x0000000706b00000|  0%| F|  |TAMS 0x0000000706a00000, 0x0000000706a00000| Untracked 
|  73|0x0000000706b00000, 0x0000000706b00000, 0x0000000706c00000|  0%| F|  |TAMS 0x0000000706b00000, 0x0000000706b00000| Untracked 
|  74|0x0000000706c00000, 0x0000000706c00000, 0x0000000706d00000|  0%| F|  |TAMS 0x0000000706c00000, 0x0000000706c00000| Untracked 
|  75|0x0000000706d00000, 0x0000000706d00000, 0x0000000706e00000|  0%| F|  |TAMS 0x0000000706d00000, 0x0000000706d00000| Untracked 
|  76|0x0000000706e00000, 0x0000000706e00000, 0x0000000706f00000|  0%| F|  |TAMS 0x0000000706e00000, 0x0000000706e00000| Untracked 
|  77|0x0000000706f00000, 0x0000000706f00000, 0x0000000707000000|  0%| F|  |TAMS 0x0000000706f00000, 0x0000000706f00000| Untracked 
|  78|0x0000000707000000, 0x0000000707000000, 0x0000000707100000|  0%| F|  |TAMS 0x0000000707000000, 0x0000000707000000| Untracked 
|  79|0x0000000707100000, 0x0000000707100000, 0x0000000707200000|  0%| F|  |TAMS 0x0000000707100000, 0x0000000707100000| Untracked 
|  80|0x0000000707200000, 0x0000000707200000, 0x0000000707300000|  0%| F|  |TAMS 0x0000000707200000, 0x0000000707200000| Untracked 
|  81|0x0000000707300000, 0x0000000707300000, 0x0000000707400000|  0%| F|  |TAMS 0x0000000707300000, 0x0000000707300000| Untracked 
|  82|0x0000000707400000, 0x0000000707400000, 0x0000000707500000|  0%| F|  |TAMS 0x0000000707400000, 0x0000000707400000| Untracked 
|  83|0x0000000707500000, 0x0000000707500000, 0x0000000707600000|  0%| F|  |TAMS 0x0000000707500000, 0x0000000707500000| Untracked 
|  84|0x0000000707600000, 0x0000000707600000, 0x0000000707700000|  0%| F|  |TAMS 0x0000000707600000, 0x0000000707600000| Untracked 
|  85|0x0000000707700000, 0x0000000707700000, 0x0000000707800000|  0%| F|  |TAMS 0x0000000707700000, 0x0000000707700000| Untracked 
|  86|0x0000000707800000, 0x0000000707800000, 0x0000000707900000|  0%| F|  |TAMS 0x0000000707800000, 0x0000000707800000| Untracked 
|  87|0x0000000707900000, 0x0000000707900000, 0x0000000707a00000|  0%| F|  |TAMS 0x0000000707900000, 0x0000000707900000| Untracked 
|  88|0x0000000707a00000, 0x0000000707a00000, 0x0000000707b00000|  0%| F|  |TAMS 0x0000000707a00000, 0x0000000707a00000| Untracked 
|  89|0x0000000707b00000, 0x0000000707b00000, 0x0000000707c00000|  0%| F|  |TAMS 0x0000000707b00000, 0x0000000707b00000| Untracked 
|  90|0x0000000707c00000, 0x0000000707c00000, 0x0000000707d00000|  0%| F|  |TAMS 0x0000000707c00000, 0x0000000707c00000| Untracked 
|  91|0x0000000707d00000, 0x0000000707d00000, 0x0000000707e00000|  0%| F|  |TAMS 0x0000000707d00000, 0x0000000707d00000| Untracked 
|  92|0x0000000707e00000, 0x0000000707e00000, 0x0000000707f00000|  0%| F|  |TAMS 0x0000000707e00000, 0x0000000707e00000| Untracked 
|  93|0x0000000707f00000, 0x0000000707f00000, 0x0000000708000000|  0%| F|  |TAMS 0x0000000707f00000, 0x0000000707f00000| Untracked 
|  94|0x0000000708000000, 0x0000000708000000, 0x0000000708100000|  0%| F|  |TAMS 0x0000000708000000, 0x0000000708000000| Untracked 
|  95|0x0000000708100000, 0x0000000708100000, 0x0000000708200000|  0%| F|  |TAMS 0x0000000708100000, 0x0000000708100000| Untracked 
|  96|0x0000000708200000, 0x0000000708200000, 0x0000000708300000|  0%| F|  |TAMS 0x0000000708200000, 0x0000000708200000| Untracked 
|  97|0x0000000708300000, 0x0000000708300000, 0x0000000708400000|  0%| F|  |TAMS 0x0000000708300000, 0x0000000708300000| Untracked 
|  98|0x0000000708400000, 0x0000000708400000, 0x0000000708500000|  0%| F|  |TAMS 0x0000000708400000, 0x0000000708400000| Untracked 
|  99|0x0000000708500000, 0x0000000708500000, 0x0000000708600000|  0%| F|  |TAMS 0x0000000708500000, 0x0000000708500000| Untracked 
| 100|0x0000000708600000, 0x0000000708600000, 0x0000000708700000|  0%| F|  |TAMS 0x0000000708600000, 0x0000000708600000| Untracked 
| 101|0x0000000708700000, 0x0000000708700000, 0x0000000708800000|  0%| F|  |TAMS 0x0000000708700000, 0x0000000708700000| Untracked 
| 102|0x0000000708800000, 0x0000000708800000, 0x0000000708900000|  0%| F|  |TAMS 0x0000000708800000, 0x0000000708800000| Untracked 
| 103|0x0000000708900000, 0x0000000708900000, 0x0000000708a00000|  0%| F|  |TAMS 0x0000000708900000, 0x0000000708900000| Untracked 
| 104|0x0000000708a00000, 0x0000000708a00000, 0x0000000708b00000|  0%| F|  |TAMS 0x0000000708a00000, 0x0000000708a00000| Untracked 
| 105|0x0000000708b00000, 0x0000000708b00000, 0x0000000708c00000|  0%| F|  |TAMS 0x0000000708b00000, 0x0000000708b00000| Untracked 
| 106|0x0000000708c00000, 0x0000000708c00000, 0x0000000708d00000|  0%| F|  |TAMS 0x0000000708c00000, 0x0000000708c00000| Untracked 
| 107|0x0000000708d00000, 0x0000000708d00000, 0x0000000708e00000|  0%| F|  |TAMS 0x0000000708d00000, 0x0000000708d00000| Untracked 
| 108|0x0000000708e00000, 0x0000000708e00000, 0x0000000708f00000|  0%| F|  |TAMS 0x0000000708e00000, 0x0000000708e00000| Untracked 
| 109|0x0000000708f00000, 0x0000000708f00000, 0x0000000709000000|  0%| F|  |TAMS 0x0000000708f00000, 0x0000000708f00000| Untracked 
| 110|0x0000000709000000, 0x0000000709000000, 0x0000000709100000|  0%| F|  |TAMS 0x0000000709000000, 0x0000000709000000| Untracked 
| 111|0x0000000709100000, 0x0000000709200000, 0x0000000709200000|100%| S|CS|TAMS 0x0000000709100000, 0x0000000709100000| Complete 
| 112|0x0000000709200000, 0x0000000709300000, 0x0000000709300000|100%| S|CS|TAMS 0x0000000709200000, 0x0000000709200000| Complete 
| 113|0x0000000709300000, 0x0000000709400000, 0x0000000709400000|100%| S|CS|TAMS 0x0000000709300000, 0x0000000709300000| Complete 
| 114|0x0000000709400000, 0x0000000709500000, 0x0000000709500000|100%| S|CS|TAMS 0x0000000709400000, 0x0000000709400000| Complete 
| 115|0x0000000709500000, 0x0000000709600000, 0x0000000709600000|100%| S|CS|TAMS 0x0000000709500000, 0x0000000709500000| Complete 
| 116|0x0000000709600000, 0x0000000709700000, 0x0000000709700000|100%| S|CS|TAMS 0x0000000709600000, 0x0000000709600000| Complete 
| 117|0x0000000709700000, 0x0000000709800000, 0x0000000709800000|100%| S|CS|TAMS 0x0000000709700000, 0x0000000709700000| Complete 
| 118|0x0000000709800000, 0x0000000709900000, 0x0000000709900000|100%| S|CS|TAMS 0x0000000709800000, 0x0000000709800000| Complete 
| 119|0x0000000709900000, 0x0000000709a00000, 0x0000000709a00000|100%| S|CS|TAMS 0x0000000709900000, 0x0000000709900000| Complete 
| 120|0x0000000709a00000, 0x0000000709b00000, 0x0000000709b00000|100%| S|CS|TAMS 0x0000000709a00000, 0x0000000709a00000| Complete 
| 121|0x0000000709b00000, 0x0000000709c00000, 0x0000000709c00000|100%| S|CS|TAMS 0x0000000709b00000, 0x0000000709b00000| Complete 
| 122|0x0000000709c00000, 0x0000000709d00000, 0x0000000709d00000|100%| S|CS|TAMS 0x0000000709c00000, 0x0000000709c00000| Complete 
| 123|0x0000000709d00000, 0x0000000709e00000, 0x0000000709e00000|100%| S|CS|TAMS 0x0000000709d00000, 0x0000000709d00000| Complete 
| 124|0x0000000709e00000, 0x0000000709f00000, 0x0000000709f00000|100%| S|CS|TAMS 0x0000000709e00000, 0x0000000709e00000| Complete 
| 125|0x0000000709f00000, 0x0000000709f00000, 0x000000070a000000|  0%| F|  |TAMS 0x0000000709f00000, 0x0000000709f00000| Untracked 
| 126|0x000000070a000000, 0x000000070a000000, 0x000000070a100000|  0%| F|  |TAMS 0x000000070a000000, 0x000000070a000000| Untracked 
| 127|0x000000070a100000, 0x000000070a100000, 0x000000070a200000|  0%| F|  |TAMS 0x000000070a100000, 0x000000070a100000| Untracked 
| 128|0x000000070a200000, 0x000000070a200000, 0x000000070a300000|  0%| F|  |TAMS 0x000000070a200000, 0x000000070a200000| Untracked 
| 129|0x000000070a300000, 0x000000070a300000, 0x000000070a400000|  0%| F|  |TAMS 0x000000070a300000, 0x000000070a300000| Untracked 
| 130|0x000000070a400000, 0x000000070a400000, 0x000000070a500000|  0%| F|  |TAMS 0x000000070a400000, 0x000000070a400000| Untracked 
| 131|0x000000070a500000, 0x000000070a500000, 0x000000070a600000|  0%| F|  |TAMS 0x000000070a500000, 0x000000070a500000| Untracked 
| 132|0x000000070a600000, 0x000000070a600000, 0x000000070a700000|  0%| F|  |TAMS 0x000000070a600000, 0x000000070a600000| Untracked 
| 133|0x000000070a700000, 0x000000070a700000, 0x000000070a800000|  0%| F|  |TAMS 0x000000070a700000, 0x000000070a700000| Untracked 
| 134|0x000000070a800000, 0x000000070a800000, 0x000000070a900000|  0%| F|  |TAMS 0x000000070a800000, 0x000000070a800000| Untracked 
| 135|0x000000070a900000, 0x000000070a900000, 0x000000070aa00000|  0%| F|  |TAMS 0x000000070a900000, 0x000000070a900000| Untracked 
| 136|0x000000070aa00000, 0x000000070aa00000, 0x000000070ab00000|  0%| F|  |TAMS 0x000000070aa00000, 0x000000070aa00000| Untracked 
| 137|0x000000070ab00000, 0x000000070ab00000, 0x000000070ac00000|  0%| F|  |TAMS 0x000000070ab00000, 0x000000070ab00000| Untracked 
| 138|0x000000070ac00000, 0x000000070ac00000, 0x000000070ad00000|  0%| F|  |TAMS 0x000000070ac00000, 0x000000070ac00000| Untracked 
| 139|0x000000070ad00000, 0x000000070ad00000, 0x000000070ae00000|  0%| F|  |TAMS 0x000000070ad00000, 0x000000070ad00000| Untracked 
| 140|0x000000070ae00000, 0x000000070ae00000, 0x000000070af00000|  0%| F|  |TAMS 0x000000070ae00000, 0x000000070ae00000| Untracked 
| 141|0x000000070af00000, 0x000000070af00000, 0x000000070b000000|  0%| F|  |TAMS 0x000000070af00000, 0x000000070af00000| Untracked 
| 142|0x000000070b000000, 0x000000070b000000, 0x000000070b100000|  0%| F|  |TAMS 0x000000070b000000, 0x000000070b000000| Untracked 
| 143|0x000000070b100000, 0x000000070b100000, 0x000000070b200000|  0%| F|  |TAMS 0x000000070b100000, 0x000000070b100000| Untracked 
| 144|0x000000070b200000, 0x000000070b200000, 0x000000070b300000|  0%| F|  |TAMS 0x000000070b200000, 0x000000070b200000| Untracked 
| 145|0x000000070b300000, 0x000000070b300000, 0x000000070b400000|  0%| F|  |TAMS 0x000000070b300000, 0x000000070b300000| Untracked 
| 146|0x000000070b400000, 0x000000070b400000, 0x000000070b500000|  0%| F|  |TAMS 0x000000070b400000, 0x000000070b400000| Untracked 
| 147|0x000000070b500000, 0x000000070b500000, 0x000000070b600000|  0%| F|  |TAMS 0x000000070b500000, 0x000000070b500000| Untracked 
| 148|0x000000070b600000, 0x000000070b600000, 0x000000070b700000|  0%| F|  |TAMS 0x000000070b600000, 0x000000070b600000| Untracked 
| 149|0x000000070b700000, 0x000000070b700000, 0x000000070b800000|  0%| F|  |TAMS 0x000000070b700000, 0x000000070b700000| Untracked 
| 150|0x000000070b800000, 0x000000070b800000, 0x000000070b900000|  0%| F|  |TAMS 0x000000070b800000, 0x000000070b800000| Untracked 
| 151|0x000000070b900000, 0x000000070b900000, 0x000000070ba00000|  0%| F|  |TAMS 0x000000070b900000, 0x000000070b900000| Untracked 
| 152|0x000000070ba00000, 0x000000070ba00000, 0x000000070bb00000|  0%| F|  |TAMS 0x000000070ba00000, 0x000000070ba00000| Untracked 
| 153|0x000000070bb00000, 0x000000070bb00000, 0x000000070bc00000|  0%| F|  |TAMS 0x000000070bb00000, 0x000000070bb00000| Untracked 
| 154|0x000000070bc00000, 0x000000070bc00000, 0x000000070bd00000|  0%| F|  |TAMS 0x000000070bc00000, 0x000000070bc00000| Untracked 
| 155|0x000000070bd00000, 0x000000070bd00000, 0x000000070be00000|  0%| F|  |TAMS 0x000000070bd00000, 0x000000070bd00000| Untracked 
| 156|0x000000070be00000, 0x000000070be00000, 0x000000070bf00000|  0%| F|  |TAMS 0x000000070be00000, 0x000000070be00000| Untracked 
| 157|0x000000070bf00000, 0x000000070bf00000, 0x000000070c000000|  0%| F|  |TAMS 0x000000070bf00000, 0x000000070bf00000| Untracked 
| 158|0x000000070c000000, 0x000000070c000000, 0x000000070c100000|  0%| F|  |TAMS 0x000000070c000000, 0x000000070c000000| Untracked 
| 159|0x000000070c100000, 0x000000070c100000, 0x000000070c200000|  0%| F|  |TAMS 0x000000070c100000, 0x000000070c100000| Untracked 
| 160|0x000000070c200000, 0x000000070c200000, 0x000000070c300000|  0%| F|  |TAMS 0x000000070c200000, 0x000000070c200000| Untracked 
| 161|0x000000070c300000, 0x000000070c300000, 0x000000070c400000|  0%| F|  |TAMS 0x000000070c300000, 0x000000070c300000| Untracked 
| 162|0x000000070c400000, 0x000000070c400000, 0x000000070c500000|  0%| F|  |TAMS 0x000000070c400000, 0x000000070c400000| Untracked 
| 163|0x000000070c500000, 0x000000070c500000, 0x000000070c600000|  0%| F|  |TAMS 0x000000070c500000, 0x000000070c500000| Untracked 
| 164|0x000000070c600000, 0x000000070c600000, 0x000000070c700000|  0%| F|  |TAMS 0x000000070c600000, 0x000000070c600000| Untracked 
| 165|0x000000070c700000, 0x000000070c700000, 0x000000070c800000|  0%| F|  |TAMS 0x000000070c700000, 0x000000070c700000| Untracked 
| 166|0x000000070c800000, 0x000000070c800000, 0x000000070c900000|  0%| F|  |TAMS 0x000000070c800000, 0x000000070c800000| Untracked 
| 167|0x000000070c900000, 0x000000070c900000, 0x000000070ca00000|  0%| F|  |TAMS 0x000000070c900000, 0x000000070c900000| Untracked 
| 168|0x000000070ca00000, 0x000000070ca00000, 0x000000070cb00000|  0%| F|  |TAMS 0x000000070ca00000, 0x000000070ca00000| Untracked 
| 169|0x000000070cb00000, 0x000000070cb00000, 0x000000070cc00000|  0%| F|  |TAMS 0x000000070cb00000, 0x000000070cb00000| Untracked 
| 170|0x000000070cc00000, 0x000000070cc00000, 0x000000070cd00000|  0%| F|  |TAMS 0x000000070cc00000, 0x000000070cc00000| Untracked 
| 171|0x000000070cd00000, 0x000000070cd00000, 0x000000070ce00000|  0%| F|  |TAMS 0x000000070cd00000, 0x000000070cd00000| Untracked 
| 172|0x000000070ce00000, 0x000000070ce00000, 0x000000070cf00000|  0%| F|  |TAMS 0x000000070ce00000, 0x000000070ce00000| Untracked 
| 173|0x000000070cf00000, 0x000000070cf00000, 0x000000070d000000|  0%| F|  |TAMS 0x000000070cf00000, 0x000000070cf00000| Untracked 
| 174|0x000000070d000000, 0x000000070d000000, 0x000000070d100000|  0%| F|  |TAMS 0x000000070d000000, 0x000000070d000000| Untracked 
| 175|0x000000070d100000, 0x000000070d100000, 0x000000070d200000|  0%| F|  |TAMS 0x000000070d100000, 0x000000070d100000| Untracked 
| 176|0x000000070d200000, 0x000000070d200000, 0x000000070d300000|  0%| F|  |TAMS 0x000000070d200000, 0x000000070d200000| Untracked 
| 177|0x000000070d300000, 0x000000070d300000, 0x000000070d400000|  0%| F|  |TAMS 0x000000070d300000, 0x000000070d300000| Untracked 
| 178|0x000000070d400000, 0x000000070d400000, 0x000000070d500000|  0%| F|  |TAMS 0x000000070d400000, 0x000000070d400000| Untracked 
| 179|0x000000070d500000, 0x000000070d500000, 0x000000070d600000|  0%| F|  |TAMS 0x000000070d500000, 0x000000070d500000| Untracked 
| 180|0x000000070d600000, 0x000000070d600000, 0x000000070d700000|  0%| F|  |TAMS 0x000000070d600000, 0x000000070d600000| Untracked 
| 181|0x000000070d700000, 0x000000070d700000, 0x000000070d800000|  0%| F|  |TAMS 0x000000070d700000, 0x000000070d700000| Untracked 
| 182|0x000000070d800000, 0x000000070d800000, 0x000000070d900000|  0%| F|  |TAMS 0x000000070d800000, 0x000000070d800000| Untracked 
| 183|0x000000070d900000, 0x000000070d900000, 0x000000070da00000|  0%| F|  |TAMS 0x000000070d900000, 0x000000070d900000| Untracked 
| 184|0x000000070da00000, 0x000000070da00000, 0x000000070db00000|  0%| F|  |TAMS 0x000000070da00000, 0x000000070da00000| Untracked 
| 185|0x000000070db00000, 0x000000070db00000, 0x000000070dc00000|  0%| F|  |TAMS 0x000000070db00000, 0x000000070db00000| Untracked 
| 186|0x000000070dc00000, 0x000000070dc00000, 0x000000070dd00000|  0%| F|  |TAMS 0x000000070dc00000, 0x000000070dc00000| Untracked 
| 187|0x000000070dd00000, 0x000000070dd00000, 0x000000070de00000|  0%| F|  |TAMS 0x000000070dd00000, 0x000000070dd00000| Untracked 
| 188|0x000000070de00000, 0x000000070de00000, 0x000000070df00000|  0%| F|  |TAMS 0x000000070de00000, 0x000000070de00000| Untracked 
| 189|0x000000070df00000, 0x000000070df00000, 0x000000070e000000|  0%| F|  |TAMS 0x000000070df00000, 0x000000070df00000| Untracked 
| 190|0x000000070e000000, 0x000000070e000000, 0x000000070e100000|  0%| F|  |TAMS 0x000000070e000000, 0x000000070e000000| Untracked 
| 191|0x000000070e100000, 0x000000070e100000, 0x000000070e200000|  0%| F|  |TAMS 0x000000070e100000, 0x000000070e100000| Untracked 
| 192|0x000000070e200000, 0x000000070e200000, 0x000000070e300000|  0%| F|  |TAMS 0x000000070e200000, 0x000000070e200000| Untracked 
| 193|0x000000070e300000, 0x000000070e300000, 0x000000070e400000|  0%| F|  |TAMS 0x000000070e300000, 0x000000070e300000| Untracked 
| 194|0x000000070e400000, 0x000000070e400000, 0x000000070e500000|  0%| F|  |TAMS 0x000000070e400000, 0x000000070e400000| Untracked 
| 195|0x000000070e500000, 0x000000070e500000, 0x000000070e600000|  0%| F|  |TAMS 0x000000070e500000, 0x000000070e500000| Untracked 
| 196|0x000000070e600000, 0x000000070e600000, 0x000000070e700000|  0%| F|  |TAMS 0x000000070e600000, 0x000000070e600000| Untracked 
| 197|0x000000070e700000, 0x000000070e700000, 0x000000070e800000|  0%| F|  |TAMS 0x000000070e700000, 0x000000070e700000| Untracked 
| 198|0x000000070e800000, 0x000000070e800000, 0x000000070e900000|  0%| F|  |TAMS 0x000000070e800000, 0x000000070e800000| Untracked 
| 199|0x000000070e900000, 0x000000070e900000, 0x000000070ea00000|  0%| F|  |TAMS 0x000000070e900000, 0x000000070e900000| Untracked 
| 200|0x000000070ea00000, 0x000000070ea00000, 0x000000070eb00000|  0%| F|  |TAMS 0x000000070ea00000, 0x000000070ea00000| Untracked 
| 201|0x000000070eb00000, 0x000000070eb00000, 0x000000070ec00000|  0%| F|  |TAMS 0x000000070eb00000, 0x000000070eb00000| Untracked 
| 202|0x000000070ec00000, 0x000000070ec00000, 0x000000070ed00000|  0%| F|  |TAMS 0x000000070ec00000, 0x000000070ec00000| Untracked 
| 203|0x000000070ed00000, 0x000000070ed00000, 0x000000070ee00000|  0%| F|  |TAMS 0x000000070ed00000, 0x000000070ed00000| Untracked 
| 204|0x000000070ee00000, 0x000000070ee00000, 0x000000070ef00000|  0%| F|  |TAMS 0x000000070ee00000, 0x000000070ee00000| Untracked 
| 205|0x000000070ef00000, 0x000000070ef00000, 0x000000070f000000|  0%| F|  |TAMS 0x000000070ef00000, 0x000000070ef00000| Untracked 
| 206|0x000000070f000000, 0x000000070f000000, 0x000000070f100000|  0%| F|  |TAMS 0x000000070f000000, 0x000000070f000000| Untracked 
| 207|0x000000070f100000, 0x000000070f100000, 0x000000070f200000|  0%| F|  |TAMS 0x000000070f100000, 0x000000070f100000| Untracked 
| 208|0x000000070f200000, 0x000000070f200000, 0x000000070f300000|  0%| F|  |TAMS 0x000000070f200000, 0x000000070f200000| Untracked 
| 209|0x000000070f300000, 0x000000070f300000, 0x000000070f400000|  0%| F|  |TAMS 0x000000070f300000, 0x000000070f300000| Untracked 
| 210|0x000000070f400000, 0x000000070f400000, 0x000000070f500000|  0%| F|  |TAMS 0x000000070f400000, 0x000000070f400000| Untracked 
| 211|0x000000070f500000, 0x000000070f500000, 0x000000070f600000|  0%| F|  |TAMS 0x000000070f500000, 0x000000070f500000| Untracked 
| 212|0x000000070f600000, 0x000000070f600000, 0x000000070f700000|  0%| F|  |TAMS 0x000000070f600000, 0x000000070f600000| Untracked 
| 213|0x000000070f700000, 0x000000070f700000, 0x000000070f800000|  0%| F|  |TAMS 0x000000070f700000, 0x000000070f700000| Untracked 
| 214|0x000000070f800000, 0x000000070f800000, 0x000000070f900000|  0%| F|  |TAMS 0x000000070f800000, 0x000000070f800000| Untracked 
| 215|0x000000070f900000, 0x000000070f900000, 0x000000070fa00000|  0%| F|  |TAMS 0x000000070f900000, 0x000000070f900000| Untracked 
| 216|0x000000070fa00000, 0x000000070fa00000, 0x000000070fb00000|  0%| F|  |TAMS 0x000000070fa00000, 0x000000070fa00000| Untracked 
| 217|0x000000070fb00000, 0x000000070fb00000, 0x000000070fc00000|  0%| F|  |TAMS 0x000000070fb00000, 0x000000070fb00000| Untracked 
| 218|0x000000070fc00000, 0x000000070fc00000, 0x000000070fd00000|  0%| F|  |TAMS 0x000000070fc00000, 0x000000070fc00000| Untracked 
| 219|0x000000070fd00000, 0x000000070fd00000, 0x000000070fe00000|  0%| F|  |TAMS 0x000000070fd00000, 0x000000070fd00000| Untracked 
| 220|0x000000070fe00000, 0x000000070fe00000, 0x000000070ff00000|  0%| F|  |TAMS 0x000000070fe00000, 0x000000070fe00000| Untracked 
| 221|0x000000070ff00000, 0x000000070ff00000, 0x0000000710000000|  0%| F|  |TAMS 0x000000070ff00000, 0x000000070ff00000| Untracked 
| 222|0x0000000710000000, 0x0000000710000000, 0x0000000710100000|  0%| F|  |TAMS 0x0000000710000000, 0x0000000710000000| Untracked 
| 223|0x0000000710100000, 0x0000000710100000, 0x0000000710200000|  0%| F|  |TAMS 0x0000000710100000, 0x0000000710100000| Untracked 
| 224|0x0000000710200000, 0x0000000710200000, 0x0000000710300000|  0%| F|  |TAMS 0x0000000710200000, 0x0000000710200000| Untracked 
| 225|0x0000000710300000, 0x0000000710300000, 0x0000000710400000|  0%| F|  |TAMS 0x0000000710300000, 0x0000000710300000| Untracked 
| 226|0x0000000710400000, 0x0000000710400000, 0x0000000710500000|  0%| F|  |TAMS 0x0000000710400000, 0x0000000710400000| Untracked 
| 227|0x0000000710500000, 0x0000000710500000, 0x0000000710600000|  0%| F|  |TAMS 0x0000000710500000, 0x0000000710500000| Untracked 
| 228|0x0000000710600000, 0x0000000710600000, 0x0000000710700000|  0%| F|  |TAMS 0x0000000710600000, 0x0000000710600000| Untracked 
| 229|0x0000000710700000, 0x0000000710700000, 0x0000000710800000|  0%| F|  |TAMS 0x0000000710700000, 0x0000000710700000| Untracked 
| 230|0x0000000710800000, 0x0000000710800000, 0x0000000710900000|  0%| F|  |TAMS 0x0000000710800000, 0x0000000710800000| Untracked 
| 231|0x0000000710900000, 0x0000000710900000, 0x0000000710a00000|  0%| F|  |TAMS 0x0000000710900000, 0x0000000710900000| Untracked 
| 232|0x0000000710a00000, 0x0000000710a00000, 0x0000000710b00000|  0%| F|  |TAMS 0x0000000710a00000, 0x0000000710a00000| Untracked 
| 233|0x0000000710b00000, 0x0000000710b00000, 0x0000000710c00000|  0%| F|  |TAMS 0x0000000710b00000, 0x0000000710b00000| Untracked 
| 234|0x0000000710c00000, 0x0000000710c00000, 0x0000000710d00000|  0%| F|  |TAMS 0x0000000710c00000, 0x0000000710c00000| Untracked 
| 235|0x0000000710d00000, 0x0000000710d00000, 0x0000000710e00000|  0%| F|  |TAMS 0x0000000710d00000, 0x0000000710d00000| Untracked 
| 236|0x0000000710e00000, 0x0000000710e00000, 0x0000000710f00000|  0%| F|  |TAMS 0x0000000710e00000, 0x0000000710e00000| Untracked 
| 237|0x0000000710f00000, 0x0000000710f00000, 0x0000000711000000|  0%| F|  |TAMS 0x0000000710f00000, 0x0000000710f00000| Untracked 
| 238|0x0000000711000000, 0x0000000711000000, 0x0000000711100000|  0%| F|  |TAMS 0x0000000711000000, 0x0000000711000000| Untracked 
| 239|0x0000000711100000, 0x0000000711100000, 0x0000000711200000|  0%| F|  |TAMS 0x0000000711100000, 0x0000000711100000| Untracked 
| 240|0x0000000711200000, 0x0000000711200000, 0x0000000711300000|  0%| F|  |TAMS 0x0000000711200000, 0x0000000711200000| Untracked 
| 241|0x0000000711300000, 0x0000000711300000, 0x0000000711400000|  0%| F|  |TAMS 0x0000000711300000, 0x0000000711300000| Untracked 
| 242|0x0000000711400000, 0x0000000711400000, 0x0000000711500000|  0%| F|  |TAMS 0x0000000711400000, 0x0000000711400000| Untracked 
| 243|0x0000000711500000, 0x0000000711500000, 0x0000000711600000|  0%| F|  |TAMS 0x0000000711500000, 0x0000000711500000| Untracked 
| 244|0x0000000711600000, 0x0000000711600000, 0x0000000711700000|  0%| F|  |TAMS 0x0000000711600000, 0x0000000711600000| Untracked 
| 245|0x0000000711700000, 0x0000000711700000, 0x0000000711800000|  0%| F|  |TAMS 0x0000000711700000, 0x0000000711700000| Untracked 
| 246|0x0000000711800000, 0x0000000711800000, 0x0000000711900000|  0%| F|  |TAMS 0x0000000711800000, 0x0000000711800000| Untracked 
| 247|0x0000000711900000, 0x0000000711900000, 0x0000000711a00000|  0%| F|  |TAMS 0x0000000711900000, 0x0000000711900000| Untracked 
| 248|0x0000000711a00000, 0x0000000711a00000, 0x0000000711b00000|  0%| F|  |TAMS 0x0000000711a00000, 0x0000000711a00000| Untracked 
| 249|0x0000000711b00000, 0x0000000711b00000, 0x0000000711c00000|  0%| F|  |TAMS 0x0000000711b00000, 0x0000000711b00000| Untracked 
| 250|0x0000000711c00000, 0x0000000711c00000, 0x0000000711d00000|  0%| F|  |TAMS 0x0000000711c00000, 0x0000000711c00000| Untracked 
| 251|0x0000000711d00000, 0x0000000711d00000, 0x0000000711e00000|  0%| F|  |TAMS 0x0000000711d00000, 0x0000000711d00000| Untracked 
| 252|0x0000000711e00000, 0x0000000711e00000, 0x0000000711f00000|  0%| F|  |TAMS 0x0000000711e00000, 0x0000000711e00000| Untracked 
| 253|0x0000000711f00000, 0x0000000711f00000, 0x0000000712000000|  0%| F|  |TAMS 0x0000000711f00000, 0x0000000711f00000| Untracked 
| 254|0x0000000712000000, 0x0000000712000000, 0x0000000712100000|  0%| F|  |TAMS 0x0000000712000000, 0x0000000712000000| Untracked 
| 255|0x0000000712100000, 0x0000000712100000, 0x0000000712200000|  0%| F|  |TAMS 0x0000000712100000, 0x0000000712100000| Untracked 
| 256|0x0000000712200000, 0x0000000712200000, 0x0000000712300000|  0%| F|  |TAMS 0x0000000712200000, 0x0000000712200000| Untracked 
| 257|0x0000000712300000, 0x0000000712300000, 0x0000000712400000|  0%| F|  |TAMS 0x0000000712300000, 0x0000000712300000| Untracked 
| 258|0x0000000712400000, 0x0000000712400000, 0x0000000712500000|  0%| F|  |TAMS 0x0000000712400000, 0x0000000712400000| Untracked 
| 259|0x0000000712500000, 0x0000000712500000, 0x0000000712600000|  0%| F|  |TAMS 0x0000000712500000, 0x0000000712500000| Untracked 
| 260|0x0000000712600000, 0x0000000712600000, 0x0000000712700000|  0%| F|  |TAMS 0x0000000712600000, 0x0000000712600000| Untracked 
| 261|0x0000000712700000, 0x0000000712700000, 0x0000000712800000|  0%| F|  |TAMS 0x0000000712700000, 0x0000000712700000| Untracked 
| 262|0x0000000712800000, 0x0000000712800000, 0x0000000712900000|  0%| F|  |TAMS 0x0000000712800000, 0x0000000712800000| Untracked 
| 263|0x0000000712900000, 0x0000000712900000, 0x0000000712a00000|  0%| F|  |TAMS 0x0000000712900000, 0x0000000712900000| Untracked 
| 264|0x0000000712a00000, 0x0000000712a00000, 0x0000000712b00000|  0%| F|  |TAMS 0x0000000712a00000, 0x0000000712a00000| Untracked 
| 265|0x0000000712b00000, 0x0000000712b00000, 0x0000000712c00000|  0%| F|  |TAMS 0x0000000712b00000, 0x0000000712b00000| Untracked 
| 266|0x0000000712c00000, 0x0000000712c00000, 0x0000000712d00000|  0%| F|  |TAMS 0x0000000712c00000, 0x0000000712c00000| Untracked 
| 267|0x0000000712d00000, 0x0000000712d00000, 0x0000000712e00000|  0%| F|  |TAMS 0x0000000712d00000, 0x0000000712d00000| Untracked 
| 268|0x0000000712e00000, 0x0000000712e00000, 0x0000000712f00000|  0%| F|  |TAMS 0x0000000712e00000, 0x0000000712e00000| Untracked 
| 269|0x0000000712f00000, 0x0000000712f00000, 0x0000000713000000|  0%| F|  |TAMS 0x0000000712f00000, 0x0000000712f00000| Untracked 
| 270|0x0000000713000000, 0x0000000713000000, 0x0000000713100000|  0%| F|  |TAMS 0x0000000713000000, 0x0000000713000000| Untracked 
| 271|0x0000000713100000, 0x0000000713100000, 0x0000000713200000|  0%| F|  |TAMS 0x0000000713100000, 0x0000000713100000| Untracked 
| 272|0x0000000713200000, 0x0000000713300000, 0x0000000713300000|100%| E|  |TAMS 0x0000000713200000, 0x0000000713200000| Complete 
| 273|0x0000000713300000, 0x0000000713400000, 0x0000000713400000|100%| E|CS|TAMS 0x0000000713300000, 0x0000000713300000| Complete 
| 274|0x0000000713400000, 0x0000000713500000, 0x0000000713500000|100%| E|CS|TAMS 0x0000000713400000, 0x0000000713400000| Complete 
| 275|0x0000000713500000, 0x0000000713600000, 0x0000000713600000|100%| E|CS|TAMS 0x0000000713500000, 0x0000000713500000| Complete 
| 276|0x0000000713600000, 0x0000000713700000, 0x0000000713700000|100%| E|CS|TAMS 0x0000000713600000, 0x0000000713600000| Complete 
| 277|0x0000000713700000, 0x0000000713800000, 0x0000000713800000|100%| E|CS|TAMS 0x0000000713700000, 0x0000000713700000| Complete 
| 278|0x0000000713800000, 0x0000000713900000, 0x0000000713900000|100%| E|CS|TAMS 0x0000000713800000, 0x0000000713800000| Complete 
| 279|0x0000000713900000, 0x0000000713a00000, 0x0000000713a00000|100%| E|CS|TAMS 0x0000000713900000, 0x0000000713900000| Complete 
| 280|0x0000000713a00000, 0x0000000713b00000, 0x0000000713b00000|100%| E|CS|TAMS 0x0000000713a00000, 0x0000000713a00000| Complete 
| 281|0x0000000713b00000, 0x0000000713c00000, 0x0000000713c00000|100%| E|CS|TAMS 0x0000000713b00000, 0x0000000713b00000| Complete 
| 282|0x0000000713c00000, 0x0000000713d00000, 0x0000000713d00000|100%| E|CS|TAMS 0x0000000713c00000, 0x0000000713c00000| Complete 
| 283|0x0000000713d00000, 0x0000000713e00000, 0x0000000713e00000|100%| E|CS|TAMS 0x0000000713d00000, 0x0000000713d00000| Complete 
| 284|0x0000000713e00000, 0x0000000713f00000, 0x0000000713f00000|100%| E|CS|TAMS 0x0000000713e00000, 0x0000000713e00000| Complete 
| 285|0x0000000713f00000, 0x0000000714000000, 0x0000000714000000|100%| E|CS|TAMS 0x0000000713f00000, 0x0000000713f00000| Complete 
| 286|0x0000000714000000, 0x0000000714100000, 0x0000000714100000|100%| E|CS|TAMS 0x0000000714000000, 0x0000000714000000| Complete 
| 287|0x0000000714100000, 0x0000000714200000, 0x0000000714200000|100%| E|CS|TAMS 0x0000000714100000, 0x0000000714100000| Complete 
| 288|0x0000000714200000, 0x0000000714300000, 0x0000000714300000|100%| E|CS|TAMS 0x0000000714200000, 0x0000000714200000| Complete 
| 289|0x0000000714300000, 0x0000000714400000, 0x0000000714400000|100%| E|CS|TAMS 0x0000000714300000, 0x0000000714300000| Complete 
| 290|0x0000000714400000, 0x0000000714500000, 0x0000000714500000|100%| E|CS|TAMS 0x0000000714400000, 0x0000000714400000| Complete 
| 291|0x0000000714500000, 0x0000000714600000, 0x0000000714600000|100%| E|CS|TAMS 0x0000000714500000, 0x0000000714500000| Complete 
| 292|0x0000000714600000, 0x0000000714700000, 0x0000000714700000|100%| E|CS|TAMS 0x0000000714600000, 0x0000000714600000| Complete 
| 293|0x0000000714700000, 0x0000000714800000, 0x0000000714800000|100%| E|CS|TAMS 0x0000000714700000, 0x0000000714700000| Complete 
| 294|0x0000000714800000, 0x0000000714900000, 0x0000000714900000|100%| E|CS|TAMS 0x0000000714800000, 0x0000000714800000| Complete 
| 295|0x0000000714900000, 0x0000000714a00000, 0x0000000714a00000|100%| E|CS|TAMS 0x0000000714900000, 0x0000000714900000| Complete 
| 296|0x0000000714a00000, 0x0000000714b00000, 0x0000000714b00000|100%| E|CS|TAMS 0x0000000714a00000, 0x0000000714a00000| Complete 
| 297|0x0000000714b00000, 0x0000000714c00000, 0x0000000714c00000|100%| E|CS|TAMS 0x0000000714b00000, 0x0000000714b00000| Complete 
| 298|0x0000000714c00000, 0x0000000714d00000, 0x0000000714d00000|100%| E|CS|TAMS 0x0000000714c00000, 0x0000000714c00000| Complete 
| 299|0x0000000714d00000, 0x0000000714e00000, 0x0000000714e00000|100%| E|CS|TAMS 0x0000000714d00000, 0x0000000714d00000| Complete 
| 300|0x0000000714e00000, 0x0000000714f00000, 0x0000000714f00000|100%| E|CS|TAMS 0x0000000714e00000, 0x0000000714e00000| Complete 
| 301|0x0000000714f00000, 0x0000000715000000, 0x0000000715000000|100%| E|CS|TAMS 0x0000000714f00000, 0x0000000714f00000| Complete 
| 302|0x0000000715000000, 0x0000000715100000, 0x0000000715100000|100%| E|CS|TAMS 0x0000000715000000, 0x0000000715000000| Complete 
| 303|0x0000000715100000, 0x0000000715200000, 0x0000000715200000|100%| E|CS|TAMS 0x0000000715100000, 0x0000000715100000| Complete 
| 304|0x0000000715200000, 0x0000000715300000, 0x0000000715300000|100%| E|CS|TAMS 0x0000000715200000, 0x0000000715200000| Complete 

Card table byte_map: [0x000001941b540000,0x000001941bd30000] _byte_map_base: 0x0000019417d2f000

Marking Bits (Prev, Next): (CMBitMap*) 0x00000194034e15a8, (CMBitMap*) 0x00000194034e15e0
 Prev Bits: [0x000001941c520000, 0x0000019420498000)
 Next Bits: [0x00000194204a0000, 0x0000019424418000)

Polling page: 0x0000019401480000

Metaspace:

Usage:
  Non-class:     43.96 MB capacity,    42.98 MB ( 98%) used,   802.02 KB (  2%) free+waste,   201.56 KB ( <1%) overhead. 
      Class:      6.69 MB capacity,     6.03 MB ( 90%) used,   578.13 KB (  8%) free+waste,    99.63 KB (  1%) overhead. 
       Both:     50.65 MB capacity,    49.01 MB ( 97%) used,     1.35 MB (  3%) free+waste,   301.19 KB ( <1%) overhead. 

Virtual space:
  Non-class space:       44.00 MB reserved,      44.00 MB (100%) committed 
      Class space:        1.00 GB reserved,       6.75 MB ( <1%) committed 
             Both:        1.04 GB reserved,      50.75 MB (  5%) committed 

Chunk freelists:
   Non-Class:  5.50 KB
       Class:  3.13 KB
        Both:  8.63 KB

CodeHeap 'non-profiled nmethods': size=120000Kb used=2136Kb max_used=2136Kb free=117863Kb
 bounds [0x00000194132d0000, 0x0000019413540000, 0x000001941a800000]
CodeHeap 'profiled nmethods': size=120000Kb used=9529Kb max_used=9529Kb free=110471Kb
 bounds [0x000001940bda0000, 0x000001940c700000, 0x00000194132d0000]
CodeHeap 'non-nmethods': size=5760Kb used=1191Kb max_used=1239Kb free=4568Kb
 bounds [0x000001940b800000, 0x000001940ba70000, 0x000001940bda0000]
 total_blobs=5728 nmethods=3996 adapters=446
 compilation: enabled
              stopped_count=0, restarted_count=0
 full_count=0

Compilation events (10 events):
Event: 4.811 Thread 0x0000019427aea000 nmethod 4095 0x000001940c69fa10 code [0x000001940c69fbe0, 0x000001940c69fff8]
Event: 4.811 Thread 0x0000019427aea000 4109       3       java.util.GregorianCalendar::computeFields (1571 bytes)
Event: 4.813 Thread 0x0000019427ae6800 nmethod 4067 0x00000194134dc990 code [0x00000194134dcb80, 0x00000194134dd688]
Event: 4.813 Thread 0x0000019427ae6800 4104       4       nonapi.io.github.classgraph.utils.FileUtils::sanitizeEntryPath (554 bytes)
Event: 4.821 Thread 0x0000019427aea000 nmethod 4109 0x000001940c6a0110 code [0x000001940c6a0800, 0x000001940c6a63a0]
Event: 4.821 Thread 0x0000019427aea000 4118       2       java.util.Calendar::setFieldsComputed (117 bytes)
Event: 4.821 Thread 0x0000019427aea000 nmethod 4118 0x000001940c6a8710 code [0x000001940c6a88e0, 0x000001940c6a8c58]
Event: 4.821 Thread 0x0000019427aea000 4130       3       sun.util.locale.LocaleUtils::isAlphaNumericString (33 bytes)
Event: 4.822 Thread 0x0000019427aea000 nmethod 4130 0x000001940c6a8f10 code [0x000001940c6a9180, 0x000001940c6a9d20]
Event: 4.822 Thread 0x0000019427aea000 4101       3       java.util.Calendar::isSet (15 bytes)

GC Heap History (10 events):
Event: 1.314 GC heap before
{Heap before GC invocations=1 (full 0):
 garbage-first heap   total 260096K, used 78913K [0x0000000702200000, 0x0000000800000000)
  region size 1024K, 73 young (74752K), 3 survivors (3072K)
 Metaspace       used 20630K, capacity 21176K, committed 21248K, reserved 1069056K
  class space    used 2298K, capacity 2551K, committed 2560K, reserved 1048576K
}
Event: 1.320 GC heap after
{Heap after GC invocations=2 (full 0):
 garbage-first heap   total 260096K, used 10818K [0x0000000702200000, 0x0000000800000000)
  region size 1024K, 6 young (6144K), 6 survivors (6144K)
 Metaspace       used 20630K, capacity 21176K, committed 21248K, reserved 1069056K
  class space    used 2298K, capacity 2551K, committed 2560K, reserved 1048576K
}
Event: 1.680 GC heap before
{Heap before GC invocations=3 (full 0):
 garbage-first heap   total 260096K, used 65090K [0x0000000702200000, 0x0000000800000000)
  region size 1024K, 60 young (61440K), 6 survivors (6144K)
 Metaspace       used 28002K, capacity 28832K, committed 28928K, reserved 1075200K
  class space    used 3190K, capacity 3529K, committed 3584K, reserved 1048576K
}
Event: 1.685 GC heap after
{Heap after GC invocations=4 (full 0):
 garbage-first heap   total 260096K, used 12267K [0x0000000702200000, 0x0000000800000000)
  region size 1024K, 4 young (4096K), 4 survivors (4096K)
 Metaspace       used 28002K, capacity 28832K, committed 28928K, reserved 1075200K
  class space    used 3190K, capacity 3529K, committed 3584K, reserved 1048576K
}
Event: 2.545 GC heap before
{Heap before GC invocations=4 (full 0):
 garbage-first heap   total 260096K, used 101355K [0x0000000702200000, 0x0000000800000000)
  region size 1024K, 91 young (93184K), 4 survivors (4096K)
 Metaspace       used 33920K, capacity 34907K, committed 35200K, reserved 1079296K
  class space    used 4040K, capacity 4409K, committed 4480K, reserved 1048576K
}
Event: 2.549 GC heap after
{Heap after GC invocations=5 (full 0):
 garbage-first heap   total 260096K, used 14714K [0x0000000702200000, 0x0000000800000000)
  region size 1024K, 7 young (7168K), 7 survivors (7168K)
 Metaspace       used 33920K, capacity 34907K, committed 35200K, reserved 1079296K
  class space    used 4040K, capacity 4409K, committed 4480K, reserved 1048576K
}
Event: 2.649 GC heap before
{Heap before GC invocations=5 (full 0):
 garbage-first heap   total 260096K, used 28026K [0x0000000702200000, 0x0000000800000000)
  region size 1024K, 21 young (21504K), 7 survivors (7168K)
 Metaspace       used 34692K, capacity 35690K, committed 35840K, reserved 1081344K
  class space    used 4136K, capacity 4511K, committed 4608K, reserved 1048576K
}
Event: 2.655 GC heap after
{Heap after GC invocations=6 (full 0):
 garbage-first heap   total 260096K, used 15575K [0x0000000702200000, 0x0000000800000000)
  region size 1024K, 8 young (8192K), 8 survivors (8192K)
 Metaspace       used 34692K, capacity 35690K, committed 35840K, reserved 1081344K
  class space    used 4136K, capacity 4511K, committed 4608K, reserved 1048576K
}
Event: 4.715 GC heap before
{Heap before GC invocations=7 (full 0):
 garbage-first heap   total 260096K, used 139479K [0x0000000702200000, 0x0000000800000000)
  region size 1024K, 129 young (132096K), 8 survivors (8192K)
 Metaspace       used 49407K, capacity 51108K, committed 51328K, reserved 1093632K
  class space    used 6104K, capacity 6776K, committed 6784K, reserved 1048576K
}
Event: 4.725 GC heap after
{Heap after GC invocations=8 (full 0):
 garbage-first heap   total 312320K, used 22561K [0x0000000702200000, 0x0000000800000000)
  region size 1024K, 14 young (14336K), 14 survivors (14336K)
 Metaspace       used 49407K, capacity 51108K, committed 51328K, reserved 1093632K
  class space    used 6104K, capacity 6776K, committed 6784K, reserved 1048576K
}

Deoptimization events (10 events):
Event: 4.497 Thread 0x000001940347a800 Uncommon trap: reason=profile_predicate action=maybe_recompile pc=0x00000194134adcd4 method=java.lang.PublicMethods$MethodList.filter([Ljava/lang/reflect/Method;Ljava/lang/String;[Ljava/lang/Class;Z)Ljava/lang/PublicMethods$MethodList; @ 21 c2
Event: 4.497 Thread 0x000001940347a800 Uncommon trap: reason=profile_predicate action=maybe_recompile pc=0x00000194134adcd4 method=java.lang.PublicMethods$MethodList.filter([Ljava/lang/reflect/Method;Ljava/lang/String;[Ljava/lang/Class;Z)Ljava/lang/PublicMethods$MethodList; @ 21 c2
Event: 4.497 Thread 0x000001940347a800 Uncommon trap: reason=profile_predicate action=maybe_recompile pc=0x00000194134adcd4 method=java.lang.PublicMethods$MethodList.filter([Ljava/lang/reflect/Method;Ljava/lang/String;[Ljava/lang/Class;Z)Ljava/lang/PublicMethods$MethodList; @ 21 c2
Event: 4.518 Thread 0x000001940347a800 Uncommon trap: reason=class_check action=maybe_recompile pc=0x0000019413408438 method=java.lang.reflect.Array.newInstance(Ljava/lang/Class;I)Ljava/lang/Object; @ 2 c2
Event: 4.521 Thread 0x000001940347a800 Uncommon trap: reason=unstable_if action=reinterpret pc=0x0000019413489c04 method=java.lang.Class.getComponentType()Ljava/lang/Class; @ 4 c2
Event: 4.551 Thread 0x000001940347a800 Uncommon trap: reason=unstable_if action=reinterpret pc=0x00000194134ba398 method=java.lang.reflect.Method.equals(Ljava/lang/Object;)Z @ 1 c2
Event: 4.730 Thread 0x000001940347a800 Uncommon trap: reason=unstable_if action=reinterpret pc=0x000001941335412c method=java.lang.String.regionMatches(ZILjava/lang/String;II)Z @ 52 c2
Event: 4.786 Thread 0x000001940347a800 Uncommon trap: reason=profile_predicate action=maybe_recompile pc=0x00000194134cf3f8 method=java.lang.Class.searchMethods([Ljava/lang/reflect/Method;Ljava/lang/String;[Ljava/lang/Class;)Ljava/lang/reflect/Method; @ 22 c2
Event: 4.786 Thread 0x000001940347a800 Uncommon trap: reason=profile_predicate action=maybe_recompile pc=0x00000194134cf3f8 method=java.lang.Class.searchMethods([Ljava/lang/reflect/Method;Ljava/lang/String;[Ljava/lang/Class;)Ljava/lang/reflect/Method; @ 22 c2
Event: 4.793 Thread 0x000001942a4ca000 Uncommon trap: reason=unstable_if action=reinterpret pc=0x00000194134a8718 method=java.util.WeakHashMap.remove(Ljava/lang/Object;)Ljava/lang/Object; @ 94 c2

Classes redefined (0 events):
No events

Internal exceptions (10 events):
Event: 4.696 Thread 0x000001940347a800 Exception <a 'java/lang/ClassNotFoundException'{0x000000070a164718}: org/springframework/core/OrderedCustomizer> (0x000000070a164718) thrown at [t:/workspace/open/src/hotspot/share/classfile/systemDictionary.cpp, line 231]
Event: 4.697 Thread 0x000001940347a800 Exception <a 'java/lang/ClassNotFoundException'{0x000000070a17ec70}: org/springframework/beans/factory/BeanNameAwareCustomizer> (0x000000070a17ec70) thrown at [t:/workspace/open/src/hotspot/share/classfile/systemDictionary.cpp, line 231]
Event: 4.697 Thread 0x000001940347a800 Exception <a 'java/lang/ClassNotFoundException'{0x000000070a197ac8}: org/springframework/beans/factory/AwareCustomizer> (0x000000070a197ac8) thrown at [t:/workspace/open/src/hotspot/share/classfile/systemDictionary.cpp, line 231]
Event: 4.698 Thread 0x000001940347a800 Exception <a 'java/lang/ClassNotFoundException'{0x000000070a1b28f8}: org/springframework/context/ApplicationContextAwareCustomizer> (0x000000070a1b28f8) thrown at [t:/workspace/open/src/hotspot/share/classfile/systemDictionary.cpp, line 231]
Event: 4.698 Thread 0x000001940347a800 Exception <a 'java/lang/ClassNotFoundException'{0x000000070a1cba70}: org/springframework/beans/factory/AwareCustomizer> (0x000000070a1cba70) thrown at [t:/workspace/open/src/hotspot/share/classfile/systemDictionary.cpp, line 231]
Event: 4.699 Thread 0x000001940347a800 Exception <a 'java/lang/IncompatibleClassChangeError'{0x000000070a1deeb8}: Found class java.lang.Object, but interface was expected> (0x000000070a1deeb8) thrown at [t:/workspace/open/src/hotspot/share/interpreter/linkResolver.cpp, line 838]
Event: 4.702 Thread 0x000001940347a800 Exception <a 'java/lang/ClassNotFoundException'{0x000000070a019a90}: java/lang/ObjectCustomizer> (0x000000070a019a90) thrown at [t:/workspace/open/src/hotspot/share/classfile/systemDictionary.cpp, line 231]
Event: 4.702 Thread 0x000001940347a800 Exception <a 'java/lang/ClassNotFoundException'{0x000000070a03a660}: org/springframework/web/reactive/resource/ResourceUrlProviderCustomizer> (0x000000070a03a660) thrown at [t:/workspace/open/src/hotspot/share/classfile/systemDictionary.cpp, line 231]
Event: 4.703 Thread 0x000001940347a800 Exception <a 'java/lang/ClassNotFoundException'{0x000000070a05be00}: org/springframework/context/ApplicationListenerCustomizer> (0x000000070a05be00) thrown at [t:/workspace/open/src/hotspot/share/classfile/systemDictionary.cpp, line 231]
Event: 4.703 Thread 0x000001940347a800 Exception <a 'java/lang/ClassNotFoundException'{0x000000070a05ed20}: java/util/EventListenerCustomizer> (0x000000070a05ed20) thrown at [t:/workspace/open/src/hotspot/share/classfile/systemDictionary.cpp, line 231]

Events (10 events):
Event: 4.802 loading class nonapi/io/github/classgraph/fastzipfilereader/FastZipEntry
Event: 4.802 loading class nonapi/io/github/classgraph/fastzipfilereader/FastZipEntry done
Event: 4.803 loading class nonapi/io/github/classgraph/fastzipfilereader/FastZipEntry$1
Event: 4.803 loading class nonapi/io/github/classgraph/fastzipfilereader/FastZipEntry$1 done
Event: 4.805 loading class nonapi/io/github/classgraph/fastzipfilereader/RecyclableInflater
Event: 4.805 loading class nonapi/io/github/classgraph/fastzipfilereader/RecyclableInflater done
Event: 4.806 loading class nonapi/io/github/classgraph/recycler/Resettable
Event: 4.806 loading class nonapi/io/github/classgraph/recycler/Resettable done
Event: 4.807 loading class java/util/zip/DataFormatException
Event: 4.807 loading class java/util/zip/DataFormatException done


Dynamic libraries:
0x00007ff6e00f0000 - 0x00007ff6e0137000 	C:\Program Files\Java\jdk-11.0.6\bin\java.exe
0x00007ffe88740000 - 0x00007ffe88930000 	C:\WINDOWS\SYSTEM32\ntdll.dll
0x00007ffe587a0000 - 0x00007ffe587b2000 	C:\Program Files\AVAST Software\Avast\aswhook.dll
0x00007ffe88010000 - 0x00007ffe880c2000 	C:\WINDOWS\System32\KERNEL32.DLL
0x00007ffe85810000 - 0x00007ffe85ab5000 	C:\WINDOWS\System32\KERNELBASE.dll
0x00007ffe88340000 - 0x00007ffe883e3000 	C:\WINDOWS\System32\ADVAPI32.dll
0x00007ffe87bf0000 - 0x00007ffe87c8e000 	C:\WINDOWS\System32\msvcrt.dll
0x00007ffe88590000 - 0x00007ffe88627000 	C:\WINDOWS\System32\sechost.dll
0x00007ffe881f0000 - 0x00007ffe88310000 	C:\WINDOWS\System32\RPCRT4.dll
0x00007ffe883f0000 - 0x00007ffe88585000 	C:\WINDOWS\System32\USER32.dll
0x00007ffe85dd0000 - 0x00007ffe85df1000 	C:\WINDOWS\System32\win32u.dll
0x00007ffe88310000 - 0x00007ffe88336000 	C:\WINDOWS\System32\GDI32.dll
0x00007ffe85e00000 - 0x00007ffe85f96000 	C:\WINDOWS\System32\gdi32full.dll
0x00007ffe85d10000 - 0x00007ffe85dae000 	C:\WINDOWS\System32\msvcp_win.dll
0x00007ffe85c10000 - 0x00007ffe85d0a000 	C:\WINDOWS\System32\ucrtbase.dll
0x00007ffe69e60000 - 0x00007ffe6a0e4000 	C:\WINDOWS\WinSxS\amd64_microsoft.windows.common-controls_6595b64144ccf1df_6.0.18362.1082_none_9e8193e1e45b25c1\COMCTL32.dll
0x00007ffe87cc0000 - 0x00007ffe87ff5000 	C:\WINDOWS\System32\combase.dll
0x00007ffe86770000 - 0x00007ffe867f0000 	C:\WINDOWS\System32\bcryptPrimitives.dll
0x00007ffe7f1d0000 - 0x00007ffe7f1da000 	C:\WINDOWS\SYSTEM32\VERSION.dll
0x00007ffe87c90000 - 0x00007ffe87cbe000 	C:\WINDOWS\System32\IMM32.DLL
0x00007ffe5e190000 - 0x00007ffe5e1a6000 	C:\Program Files\Java\jdk-11.0.6\bin\vcruntime140.dll
0x00007ffe4a940000 - 0x00007ffe4a9ea000 	C:\Program Files\Java\jdk-11.0.6\bin\msvcp140.dll
0x00007ffe43940000 - 0x00007ffe44469000 	C:\Program Files\Java\jdk-11.0.6\bin\server\jvm.dll
0x00007ffe88000000 - 0x00007ffe88008000 	C:\WINDOWS\System32\PSAPI.DLL
0x00007ffe74e50000 - 0x00007ffe74e59000 	C:\WINDOWS\SYSTEM32\WSOCK32.dll
0x00007ffe880d0000 - 0x00007ffe8813f000 	C:\WINDOWS\System32\WS2_32.dll
0x00007ffe831b0000 - 0x00007ffe831d4000 	C:\WINDOWS\SYSTEM32\WINMM.dll
0x00007ffe83050000 - 0x00007ffe8307d000 	C:\WINDOWS\SYSTEM32\WINMMBASE.dll
0x00007ffe86720000 - 0x00007ffe8676a000 	C:\WINDOWS\System32\cfgmgr32.dll
0x00007ffe85610000 - 0x00007ffe85621000 	C:\WINDOWS\System32\kernel.appcore.dll
0x00007ffe5dee0000 - 0x00007ffe5def1000 	C:\Program Files\Java\jdk-11.0.6\bin\verify.dll
0x00007ffe83ff0000 - 0x00007ffe841e4000 	C:\WINDOWS\SYSTEM32\DBGHELP.DLL
0x00007ffe7bc50000 - 0x00007ffe7bc7a000 	C:\WINDOWS\SYSTEM32\dbgcore.DLL
0x00007ffe57cb0000 - 0x00007ffe57cd9000 	C:\Program Files\Java\jdk-11.0.6\bin\java.dll
0x00007ffe5b320000 - 0x00007ffe5b336000 	C:\Program Files\Java\jdk-11.0.6\bin\zip.dll
0x00007ffe6a2e0000 - 0x00007ffe6a2ea000 	C:\Program Files\Java\jdk-11.0.6\bin\jimage.dll
0x00007ffe86850000 - 0x00007ffe86f37000 	C:\WINDOWS\System32\SHELL32.dll
0x00007ffe874b0000 - 0x00007ffe87559000 	C:\WINDOWS\System32\shcore.dll
0x00007ffe85fa0000 - 0x00007ffe86720000 	C:\WINDOWS\System32\windows.storage.dll
0x00007ffe85650000 - 0x00007ffe85673000 	C:\WINDOWS\System32\profapi.dll
0x00007ffe85680000 - 0x00007ffe856ca000 	C:\WINDOWS\System32\powrprof.dll
0x00007ffe85600000 - 0x00007ffe85610000 	C:\WINDOWS\System32\UMPDC.dll
0x00007ffe87050000 - 0x00007ffe870a2000 	C:\WINDOWS\System32\shlwapi.dll
0x00007ffe85db0000 - 0x00007ffe85dc7000 	C:\WINDOWS\System32\cryptsp.dll
0x00007ffe57c40000 - 0x00007ffe57c59000 	C:\Program Files\Java\jdk-11.0.6\bin\net.dll
0x00007ffe7a790000 - 0x00007ffe7a880000 	C:\WINDOWS\SYSTEM32\WINHTTP.dll
0x00007ffe84e50000 - 0x00007ffe84eb7000 	C:\WINDOWS\system32\mswsock.dll
0x00007ffe57340000 - 0x00007ffe57353000 	C:\Program Files\Java\jdk-11.0.6\bin\nio.dll
0x00007ffe69270000 - 0x00007ffe69279000 	C:\Program Files\Java\jdk-11.0.6\bin\management.dll
0x00007ffe670f0000 - 0x00007ffe670fc000 	C:\Program Files\Java\jdk-11.0.6\bin\management_ext.dll
0x00007ffe66db0000 - 0x00007ffe66dc6000 	C:\WINDOWS\system32\napinsp.dll
0x00007ffe66c80000 - 0x00007ffe66c9a000 	C:\WINDOWS\system32\pnrpnsp.dll
0x00007ffe84ba0000 - 0x00007ffe84c6b000 	C:\WINDOWS\SYSTEM32\DNSAPI.dll
0x00007ffe86f40000 - 0x00007ffe86f48000 	C:\WINDOWS\System32\NSI.dll
0x00007ffe84b60000 - 0x00007ffe84b9a000 	C:\WINDOWS\SYSTEM32\IPHLPAPI.DLL
0x00007ffe66c70000 - 0x00007ffe66c7e000 	C:\WINDOWS\System32\winrnr.dll
0x00007ffe81860000 - 0x00007ffe8187c000 	C:\WINDOWS\system32\NLAapi.dll
0x00007ffe80d80000 - 0x00007ffe80d95000 	C:\WINDOWS\system32\wshbth.dll
0x00007ffe79f90000 - 0x00007ffe79f9a000 	C:\Windows\System32\rasadhlp.dll
0x00007ffe7cc80000 - 0x00007ffe7ccf7000 	C:\WINDOWS\System32\fwpuclnt.dll
0x00007ffe85730000 - 0x00007ffe85756000 	C:\WINDOWS\System32\bcrypt.dll
0x00007ffe7d7a0000 - 0x00007ffe7d7b6000 	C:\WINDOWS\SYSTEM32\dhcpcsvc6.DLL
0x00007ffe7d780000 - 0x00007ffe7d79c000 	C:\WINDOWS\SYSTEM32\dhcpcsvc.DLL
0x00007ffe849c0000 - 0x00007ffe849f3000 	C:\WINDOWS\system32\rsaenh.dll
0x00007ffe85520000 - 0x00007ffe85545000 	C:\WINDOWS\SYSTEM32\USERENV.dll
0x00007ffe85020000 - 0x00007ffe8502c000 	C:\WINDOWS\SYSTEM32\CRYPTBASE.dll

dbghelp: loaded successfully - version: 4.0.5 - missing functions: none
symbol engine: initialized successfully - sym options: 0x614 - pdb path: .;C:\Program Files\Java\jdk-11.0.6\bin;C:\WINDOWS\SYSTEM32;C:\Program Files\AVAST Software\Avast;C:\WINDOWS\WinSxS\amd64_microsoft.windows.common-controls_6595b64144ccf1df_6.0.18362.1082_none_9e8193e1e45b25c1;C:\Program Files\Java\jdk-11.0.6\bin\server

VM Arguments:
java_command: C:\Users\ahmed\AppData\Local\Temp\surefire10435291168020947981\surefirebooter15815353756176862100.jar C:\Users\ahmed\AppData\Local\Temp\surefire10435291168020947981 2020-10-11T12-44-52_329-jvmRun1 surefire15506435373727420042tmp surefire_07047339211473476927tmp
java_class_path (initial): C:\Users\ahmed\AppData\Local\Temp\surefire10435291168020947981\surefirebooter15815353756176862100.jar
Launcher Type: SUN_STANDARD

[Global flags]
     intx CICompilerCount                          = 4                                         {product} {ergonomic}
     uint ConcGCThreads                            = 3                                         {product} {ergonomic}
     uint G1ConcRefinementThreads                  = 10                                        {product} {ergonomic}
   size_t G1HeapRegionSize                         = 1048576                                   {product} {ergonomic}
    uintx GCDrainStackTargetSize                   = 64                                        {product} {ergonomic}
   size_t InitialHeapSize                          = 266338304                                 {product} {ergonomic}
   size_t MarkStackSize                            = 4194304                                   {product} {ergonomic}
   size_t MaxHeapSize                              = 4259315712                                {product} {ergonomic}
   size_t MaxNewSize                               = 2555379712                                {product} {ergonomic}
   size_t MinHeapDeltaBytes                        = 1048576                                   {product} {ergonomic}
    uintx NonNMethodCodeHeapSize                   = 5836300                                {pd product} {ergonomic}
    uintx NonProfiledCodeHeapSize                  = 122910970                              {pd product} {ergonomic}
    uintx ProfiledCodeHeapSize                     = 122910970                              {pd product} {ergonomic}
    uintx ReservedCodeCacheSize                    = 251658240                              {pd product} {ergonomic}
     bool SegmentedCodeCache                       = true                                      {product} {ergonomic}
     bool UseCompressedClassPointers               = true                                 {lp64_product} {ergonomic}
     bool UseCompressedOops                        = true                                 {lp64_product} {ergonomic}
     bool UseG1GC                                  = true                                      {product} {ergonomic}
     bool UseLargePagesIndividualAllocation        = false                                  {pd product} {ergonomic}

Logging:
Log output configuration:
 #0: stdout all=warning uptime,level,tags
 #1: stderr all=off uptime,level,tags

Environment Variables:
JAVA_HOME=C:\Program Files\Java\jdk-11.0.6
PATH=C:/Program Files/Java/jdk-11.0.6/bin/server;C:/Program Files/Java/jdk-11.0.6/bin;C:\Program Files\Java\jdk-11.0.6\bin;C:\Program Files (x86)\Common Files\Oracle\Java\javapath;C:\Program Files\NVIDIA GPU Computing Toolkit\CUDA\v9.0\bin;C:\Program Files\NVIDIA GPU Computing Toolkit\CUDA\v9.0\libnvvp;C:\Program Files (x86)\Intel\Intel(R) Management Engine Components\iCLS\;C:\Program Files\Intel\Intel(R) Management Engine Components\iCLS\;C:\Windows\system32;C:\Windows;C:\Windows\System32\Wbem;C:\Windows\System32\WindowsPowerShell\v1.0\;C:\Program Files (x86)\Intel\Intel(R) Management Engine Components\DAL;C:\Program Files\Intel\Intel(R) Management Engine Components\DAL;C:\Program Files (x86)\Intel\Intel(R) Management Engine Components\IPT;C:\Program Files\Intel\Intel(R) Management Engine Components\IPT;C:\Program Files (x86)\NVIDIA Corporation\PhysX\Common;C:\Program Files\Intel\WiFi\bin\;C:\Program Files\Common Files\Intel\WirelessCommon\;C:\Users\ahmed\Anaconda3;C:\Program Files\Microsoft VS Code\bin;C:\Program Files\NVIDIA GPU Computing Toolkit\CUDA\v9.0\lib\x64;C:\Program Files\NVIDIA GPU Computing Toolkit\CUDA\v9.0\extras\CUPTI\libx64;C:\Program Files\MongoDB\Server\4.0\bin;C:\WINDOWS\system32;C:\WINDOWS;C:\WINDOWS\System32\Wbem;C:\WINDOWS\System32\WindowsPowerShell\v1.0\;C:\WINDOWS\System32\OpenSSH\;C:\Tools\zookeeper-3.4.12\bin;C:\Program Files\Git\cmd;C:\Program Files\Java\jdk1.8.0_181\bin;C:\opt\apache-maven-3.6.1\bin;C:\Go\bin;C:\Users\ahmed\OneDrive\Desktop\task g\grails-4.1.0.M1\grails-4.1.0.M1\bin;C:\Users\ahmed\OneDrive\Desktop\grails-4.0.3\bin;C:\Program Files\nodejs\;C:\Users\ahmed\Anaconda3;C:\Users\ahmed\Anaconda3\Library\mingw-w64\bin;C:\Users\ahmed\Anaconda3\Library\usr\bin;C:\Users\ahmed\Anaconda3\Library\bin;C:\Users\ahmed\Anaconda3\Scripts;C:\Users\ahmed\AppData\Local\Programs\Python\Python37\Scripts\;C:\Users\ahmed\AppData\Local\Programs\Python\Python37\;C:\Users\ahmed\AppData\Local\Microsoft\WindowsApps;C:\Program Files\NVIDIA GPU Computing T
USERNAME=ahmed
OS=Windows_NT
PROCESSOR_IDENTIFIER=Intel64 Family 6 Model 158 Stepping 10, GenuineIntel



---------------  S Y S T E M  ---------------

OS: Windows 10 , 64 bit Build 18362 (10.0.18362.1082)

CPU:total 12 (initial active 12) (6 cores per cpu, 2 threads per core) family 6 model 158 stepping 10, cmov, cx8, fxsr, mmx, sse, sse2, sse3, ssse3, sse4.1, sse4.2, popcnt, avx, avx2, aes, clmul, erms, 3dnowpref, lzcnt, ht, tsc, tscinvbit, bmi1, bmi2, adx, fma

Memory: 4k page, system-wide physical 16245M (1775M free)
TotalPageFile size 28533M (AvailPageFile size 7M)
current process WorkingSet (physical memory assigned to process): 376M, peak: 376M
current process commit charge ("private bytes"): 535M, peak: 538M

vm_info: Java HotSpot(TM) 64-Bit Server VM (11.0.6+8-LTS) for windows-amd64 JRE (11.0.6+8-LTS), built on Dec 11 2019 09:17:57 by "mach5one" with MS VC++ 15.5 (VS2017)

END.
